0:0:0:0:0:0:0:1 - - [26/Nov/2015:13:12:16 +0200] "GET / HTTP/1.1" 302 -
0:0:0:0:0:0:0:1 - - [26/Nov/2015:13:12:16 +0200] "GET / HTTP/1.1" 302 -
0:0:0:0:0:0:0:1 - - [26/Nov/2015:13:12:17 +0200] "GET /login HTTP/1.1" 200 598
0:0:0:0:0:0:0:1 - - [26/Nov/2015:13:12:17 +0200] "GET /favicon.ico HTTP/1.1" 302 -
0:0:0:0:0:0:0:1 - - [26/Nov/2015:13:12:17 +0200] "GET /login HTTP/1.1" 200 598
0:0:0:0:0:0:0:1 - - [26/Nov/2015:13:12:24 +0200] "POST /login HTTP/1.1" 302 -
0:0:0:0:0:0:0:1 - - [26/Nov/2015:13:12:24 +0200] "GET / HTTP/1.1" 200 438
0:0:0:0:0:0:0:1 - - [26/Nov/2015:13:12:25 +0200] "GET /favicon.ico HTTP/1.1" 404 126
0:0:0:0:0:0:0:1 - - [26/Nov/2015:13:15:43 +0200] "GET /index HTTP/1.1" 200 438
0:0:0:0:0:0:0:1 - - [26/Nov/2015:13:15:48 +0200] "GET /hello HTTP/1.1" 200 724
0:0:0:0:0:0:0:1 - - [26/Nov/2015:13:15:58 +0200] "POST /show HTTP/1.1" 200 437
0:0:0:0:0:0:0:1 - - [26/Nov/2015:13:16:22 +0200] "GET /free HTTP/1.1" 404 200
0:0:0:0:0:0:0:1 - - [26/Nov/2015:13:16:28 +0200] "GET /show HTTP/1.1" 405 200
0:0:0:0:0:0:0:1 - - [26/Nov/2015:13:16:33 +0200] "GET /hello HTTP/1.1" 200 724
0:0:0:0:0:0:0:1 - - [26/Nov/2015:13:16:39 +0200] "GET / HTTP/1.1" 200 438
0:0:0:0:0:0:0:1 - - [26/Nov/2015:13:17:32 +0200] "GET /free HTTP/1.1" 200 202
0:0:0:0:0:0:0:1 - - [26/Nov/2015:13:17:54 +0200] "GET /free HTTP/1.1" 200 202
0:0:0:0:0:0:0:1 - - [26/Nov/2015:13:18:15 +0200] "GET /free HTTP/1.1" 200 202
0:0:0:0:0:0:0:1 - - [26/Nov/2015:13:20:29 +0200] "GET /free HTTP/1.1" 200 202
0:0:0:0:0:0:0:1 - - [26/Nov/2015:13:20:35 +0200] "GET / HTTP/1.1" 200 438
0:0:0:0:0:0:0:1 - - [26/Nov/2015:13:20:37 +0200] "POST /logout HTTP/1.1" 302 -
0:0:0:0:0:0:0:1 - - [26/Nov/2015:13:20:37 +0200] "GET /login HTTP/1.1" 200 598
0:0:0:0:0:0:0:1 - - [26/Nov/2015:13:20:42 +0200] "GET /free HTTP/1.1" 302 -
0:0:0:0:0:0:0:1 - - [26/Nov/2015:13:20:42 +0200] "GET /login HTTP/1.1" 200 598
0:0:0:0:0:0:0:1 - - [26/Nov/2015:13:20:47 +0200] "GET /free HTTP/1.1" 302 -
0:0:0:0:0:0:0:1 - - [26/Nov/2015:13:20:47 +0200] "GET /free HTTP/1.1" 302 -
0:0:0:0:0:0:0:1 - - [26/Nov/2015:13:20:47 +0200] "GET /login HTTP/1.1" 200 598
0:0:0:0:0:0:0:1 - - [26/Nov/2015:13:20:51 +0200] "POST /login HTTP/1.1" 302 -
0:0:0:0:0:0:0:1 - - [26/Nov/2015:13:20:51 +0200] "GET /free HTTP/1.1" 200 202
0:0:0:0:0:0:0:1 - - [26/Nov/2015:13:20:55 +0200] "GET / HTTP/1.1" 200 438
0:0:0:0:0:0:0:1 - - [26/Nov/2015:14:53:40 +0200] "GET / HTTP/1.1" 302 -
0:0:0:0:0:0:0:1 - - [26/Nov/2015:14:53:40 +0200] "GET / HTTP/1.1" 302 -
0:0:0:0:0:0:0:1 - - [26/Nov/2015:14:53:41 +0200] "GET /login HTTP/1.1" 200 598
0:0:0:0:0:0:0:1 - - [26/Nov/2015:14:53:45 +0200] "GET /free HTTP/1.1" 200 204
0:0:0:0:0:0:0:1 - - [26/Nov/2015:15:08:20 +0200] "GET / HTTP/1.1" 200 438
0:0:0:0:0:0:0:1 - - [26/Nov/2015:15:08:22 +0200] "POST /logout HTTP/1.1" 404 200
0:0:0:0:0:0:0:1 - - [26/Nov/2015:15:08:26 +0200] "GET / HTTP/1.1" 200 438
0:0:0:0:0:0:0:1 - - [26/Nov/2015:15:08:31 +0200] "GET / HTTP/1.1" 200 438
0:0:0:0:0:0:0:1 - - [26/Nov/2015:15:08:32 +0200] "GET / HTTP/1.1" 200 438
0:0:0:0:0:0:0:1 - - [26/Nov/2015:15:08:35 +0200] "POST /logout HTTP/1.1" 404 200
0:0:0:0:0:0:0:1 - - [26/Nov/2015:15:08:41 +0200] "GET /logout HTTP/1.1" 404 200
0:0:0:0:0:0:0:1 - - [26/Nov/2015:15:08:54 +0200] "GET /free HTTP/1.1" 302 -
0:0:0:0:0:0:0:1 - - [26/Nov/2015:15:08:54 +0200] "GET /login HTTP/1.1" 200 598
0:0:0:0:0:0:0:1 - - [26/Nov/2015:15:08:54 +0200] "GET /free HTTP/1.1" 302 -
0:0:0:0:0:0:0:1 - - [26/Nov/2015:15:08:54 +0200] "GET /login HTTP/1.1" 200 598
0:0:0:0:0:0:0:1 - - [26/Nov/2015:15:09:01 +0200] "GET / HTTP/1.1" 200 438
0:0:0:0:0:0:0:1 - - [26/Nov/2015:15:09:12 +0200] "GET /free HTTP/1.1" 302 -
0:0:0:0:0:0:0:1 - - [26/Nov/2015:15:09:12 +0200] "GET /login HTTP/1.1" 200 598
0:0:0:0:0:0:0:1 - - [26/Nov/2015:15:09:12 +0200] "GET /free HTTP/1.1" 302 -
0:0:0:0:0:0:0:1 - - [26/Nov/2015:15:09:12 +0200] "GET /login HTTP/1.1" 200 598
0:0:0:0:0:0:0:1 - - [26/Nov/2015:15:40:16 +0200] "GET /login HTTP/1.1" 200 598
0:0:0:0:0:0:0:1 - - [26/Nov/2015:15:40:20 +0200] "GET /free HTTP/1.1" 200 204
0:0:0:0:0:0:0:1 - - [26/Nov/2015:15:40:20 +0200] "GET /free HTTP/1.1" 200 204
