0:0:0:0:0:0:0:1 - - [25/Nov/2015:00:08:34 +0200] "GET / HTTP/1.1" 302 -
0:0:0:0:0:0:0:1 - - [25/Nov/2015:00:08:35 +0200] "GET /login HTTP/1.1" 200 574
0:0:0:0:0:0:0:1 - - [25/Nov/2015:00:08:42 +0200] "POST /login HTTP/1.1" 302 -
0:0:0:0:0:0:0:1 - - [25/Nov/2015:00:08:42 +0200] "GET / HTTP/1.1" 200 365
0:0:0:0:0:0:0:1 - - [25/Nov/2015:00:08:46 +0200] "POST /logout HTTP/1.1" 302 -
0:0:0:0:0:0:0:1 - - [25/Nov/2015:00:08:46 +0200] "GET /login?logout HTTP/1.1" 302 -
0:0:0:0:0:0:0:1 - - [25/Nov/2015:00:08:46 +0200] "GET /login HTTP/1.1" 200 574
0:0:0:0:0:0:0:1 - - [25/Nov/2015:00:43:39 +0200] "GET /hello HTTP/1.1" 302 -
0:0:0:0:0:0:0:1 - - [25/Nov/2015:00:43:40 +0200] "GET /login HTTP/1.1" 500 200
0:0:0:0:0:0:0:1 - - [25/Nov/2015:00:43:41 +0200] "GET / HTTP/1.1" 302 -
0:0:0:0:0:0:0:1 - - [25/Nov/2015:00:43:41 +0200] "GET /login HTTP/1.1" 500 200
0:0:0:0:0:0:0:1 - - [25/Nov/2015:01:19:58 +0200] "GET /login HTTP/1.1" 200 494
0:0:0:0:0:0:0:1 - - [25/Nov/2015:01:20:07 +0200] "GET /login HTTP/1.1" 200 494
0:0:0:0:0:0:0:1 - - [25/Nov/2015:01:20:46 +0200] "POST /login HTTP/1.1" 302 -
0:0:0:0:0:0:0:1 - - [25/Nov/2015:01:20:46 +0200] "GET / HTTP/1.1" 200 285
0:0:0:0:0:0:0:1 - - [25/Nov/2015:01:21:00 +0200] "GET / HTTP/1.1" 200 285
0:0:0:0:0:0:0:1 - - [25/Nov/2015:01:21:07 +0200] "GET /login HTTP/1.1" 200 494
0:0:0:0:0:0:0:1 - - [25/Nov/2015:01:21:09 +0200] "POST /login HTTP/1.1" 302 -
0:0:0:0:0:0:0:1 - - [25/Nov/2015:01:21:09 +0200] "GET / HTTP/1.1" 200 285
0:0:0:0:0:0:0:1 - - [25/Nov/2015:01:22:10 +0200] "GET / HTTP/1.1" 200 285
0:0:0:0:0:0:0:1 - - [25/Nov/2015:01:23:08 +0200] "GET / HTTP/1.1" 200 365
0:0:0:0:0:0:0:1 - - [25/Nov/2015:01:23:14 +0200] "POST /logout HTTP/1.1" 302 -
0:0:0:0:0:0:0:1 - - [25/Nov/2015:01:23:14 +0200] "GET /login?logout HTTP/1.1" 302 -
0:0:0:0:0:0:0:1 - - [25/Nov/2015:01:23:14 +0200] "GET /login HTTP/1.1" 200 574
0:0:0:0:0:0:0:1 - - [25/Nov/2015:01:23:40 +0200] "POST /login HTTP/1.1" 302 -
0:0:0:0:0:0:0:1 - - [25/Nov/2015:01:23:40 +0200] "GET /login?logout HTTP/1.1" 200 574
0:0:0:0:0:0:0:1 - - [25/Nov/2015:01:23:57 +0200] "POST /login HTTP/1.1" 302 -
0:0:0:0:0:0:0:1 - - [25/Nov/2015:01:23:57 +0200] "GET / HTTP/1.1" 200 365
0:0:0:0:0:0:0:1 - - [25/Nov/2015:01:24:06 +0200] "GET / HTTP/1.1" 200 365
0:0:0:0:0:0:0:1 - - [25/Nov/2015:01:24:24 +0200] "POST /logout HTTP/1.1" 302 -
0:0:0:0:0:0:0:1 - - [25/Nov/2015:01:24:24 +0200] "GET /login?logout HTTP/1.1" 302 -
0:0:0:0:0:0:0:1 - - [25/Nov/2015:01:24:24 +0200] "GET /login HTTP/1.1" 200 574
0:0:0:0:0:0:0:1 - - [25/Nov/2015:01:25:05 +0200] "POST /login HTTP/1.1" 302 -
0:0:0:0:0:0:0:1 - - [25/Nov/2015:01:25:05 +0200] "GET /login?logout HTTP/1.1" 200 574
0:0:0:0:0:0:0:1 - - [25/Nov/2015:01:25:19 +0200] "GET /login HTTP/1.1" 200 574
0:0:0:0:0:0:0:1 - - [25/Nov/2015:01:25:22 +0200] "POST /login HTTP/1.1" 302 -
0:0:0:0:0:0:0:1 - - [25/Nov/2015:01:25:22 +0200] "GET / HTTP/1.1" 200 365
0:0:0:0:0:0:0:1 - - [25/Nov/2015:01:25:24 +0200] "POST /logout HTTP/1.1" 302 -
0:0:0:0:0:0:0:1 - - [25/Nov/2015:01:25:24 +0200] "GET /login?logout HTTP/1.1" 302 -
0:0:0:0:0:0:0:1 - - [25/Nov/2015:01:25:24 +0200] "GET /login HTTP/1.1" 200 574
0:0:0:0:0:0:0:1 - - [25/Nov/2015:01:26:00 +0200] "GET / HTTP/1.1" 302 -
0:0:0:0:0:0:0:1 - - [25/Nov/2015:01:26:00 +0200] "GET /login HTTP/1.1" 200 574
0:0:0:0:0:0:0:1 - - [25/Nov/2015:01:26:05 +0200] "POST /login HTTP/1.1" 302 -
0:0:0:0:0:0:0:1 - - [25/Nov/2015:01:26:05 +0200] "GET / HTTP/1.1" 200 365
0:0:0:0:0:0:0:1 - - [25/Nov/2015:01:28:08 +0200] "GET / HTTP/1.1" 200 365
0:0:0:0:0:0:0:1 - - [25/Nov/2015:01:28:09 +0200] "POST /logout HTTP/1.1" 302 -
0:0:0:0:0:0:0:1 - - [25/Nov/2015:01:28:09 +0200] "GET /login HTTP/1.1" 200 574
0:0:0:0:0:0:0:1 - - [25/Nov/2015:01:28:14 +0200] "GET / HTTP/1.1" 302 -
0:0:0:0:0:0:0:1 - - [25/Nov/2015:01:28:14 +0200] "GET /login HTTP/1.1" 200 574
0:0:0:0:0:0:0:1 - - [25/Nov/2015:01:28:27 +0200] "GET /login HTTP/1.1" 200 574
0:0:0:0:0:0:0:1 - - [25/Nov/2015:01:28:33 +0200] "GET /login HTTP/1.1" 200 574
0:0:0:0:0:0:0:1 - - [25/Nov/2015:01:33:54 +0200] "GET /login HTTP/1.1" 200 573
0:0:0:0:0:0:0:1 - - [25/Nov/2015:01:34:04 +0200] "GET /login?username=user&password=pass&csrf=09cfb7ac-0665-441d-b3bf-d8eebcb98992 HTTP/1.1" 302 -
0:0:0:0:0:0:0:1 - - [25/Nov/2015:01:34:04 +0200] "GET /login HTTP/1.1" 200 573
0:0:0:0:0:0:0:1 - - [25/Nov/2015:01:34:18 +0200] "GET / HTTP/1.1" 302 -
0:0:0:0:0:0:0:1 - - [25/Nov/2015:01:34:18 +0200] "GET /login HTTP/1.1" 200 573
0:0:0:0:0:0:0:1 - - [25/Nov/2015:01:34:25 +0200] "GET /login?username=user&password=pass&csrf=433803a3-cd53-4954-bb0c-beb9a660edc0 HTTP/1.1" 302 -
0:0:0:0:0:0:0:1 - - [25/Nov/2015:01:34:25 +0200] "GET /login HTTP/1.1" 200 573
0:0:0:0:0:0:0:1 - - [25/Nov/2015:02:56:21 +0200] "GET / HTTP/1.1" 302 -
0:0:0:0:0:0:0:1 - - [25/Nov/2015:02:56:22 +0200] "GET /login HTTP/1.1" 200 598
0:0:0:0:0:0:0:1 - - [25/Nov/2015:02:57:35 +0200] "GET /login HTTP/1.1" 200 598
0:0:0:0:0:0:0:1 - - [25/Nov/2015:02:57:58 +0200] "POST /login HTTP/1.1" 302 -
0:0:0:0:0:0:0:1 - - [25/Nov/2015:02:57:58 +0200] "GET / HTTP/1.1" 200 389
0:0:0:0:0:0:0:1 - - [25/Nov/2015:02:58:57 +0200] "GET / HTTP/1.1" 200 389
0:0:0:0:0:0:0:1 - - [25/Nov/2015:03:02:01 +0200] "GET / HTTP/1.1" 500 200
0:0:0:0:0:0:0:1 - - [25/Nov/2015:03:02:42 +0200] "GET / HTTP/1.1" 200 438
0:0:0:0:0:0:0:1 - - [25/Nov/2015:03:03:07 +0200] "GET /hello HTTP/1.1" 200 724
0:0:0:0:0:0:0:1 - - [25/Nov/2015:03:03:07 +0200] "GET /hello HTTP/1.1" 200 724
0:0:0:0:0:0:0:1 - - [25/Nov/2015:03:03:14 +0200] "GET /con HTTP/1.1" 200 270
0:0:0:0:0:0:0:1 - - [25/Nov/2015:03:03:21 +0200] "GET / HTTP/1.1" 200 438
0:0:0:0:0:0:0:1 - - [25/Nov/2015:03:04:31 +0200] "POST /logout HTTP/1.1" 302 -
0:0:0:0:0:0:0:1 - - [25/Nov/2015:03:04:31 +0200] "GET /login HTTP/1.1" 200 598
0:0:0:0:0:0:0:1 - - [25/Nov/2015:03:04:48 +0200] "GET /login HTTP/1.1" 200 598
0:0:0:0:0:0:0:1 - - [25/Nov/2015:03:04:54 +0200] "GET /login HTTP/1.1" 200 598
0:0:0:0:0:0:0:1 - - [25/Nov/2015:03:05:13 +0200] "POST /login HTTP/1.1" 302 -
0:0:0:0:0:0:0:1 - - [25/Nov/2015:03:05:13 +0200] "GET / HTTP/1.1" 200 438
0:0:0:0:0:0:0:1 - - [25/Nov/2015:03:05:18 +0200] "POST /logout HTTP/1.1" 302 -
0:0:0:0:0:0:0:1 - - [25/Nov/2015:03:05:18 +0200] "GET /login HTTP/1.1" 200 598
0:0:0:0:0:0:0:1 - - [25/Nov/2015:03:07:19 +0200] "POST /login HTTP/1.1" 302 -
0:0:0:0:0:0:0:1 - - [25/Nov/2015:03:07:19 +0200] "GET / HTTP/1.1" 200 438
0:0:0:0:0:0:0:1 - - [25/Nov/2015:03:16:27 +0200] "POST /logout HTTP/1.1" 302 -
0:0:0:0:0:0:0:1 - - [25/Nov/2015:03:16:27 +0200] "GET /login HTTP/1.1" 200 598
0:0:0:0:0:0:0:1 - - [25/Nov/2015:03:17:17 +0200] "POST /login HTTP/1.1" 302 -
0:0:0:0:0:0:0:1 - - [25/Nov/2015:03:17:18 +0200] "GET / HTTP/1.1" 200 438
0:0:0:0:0:0:0:1 - - [25/Nov/2015:03:28:09 +0200] "POST /logout HTTP/1.1" 302 -
0:0:0:0:0:0:0:1 - - [25/Nov/2015:03:28:09 +0200] "GET /login HTTP/1.1" 200 598
0:0:0:0:0:0:0:1 - - [25/Nov/2015:14:10:52 +0200] "GET / HTTP/1.1" 302 -
0:0:0:0:0:0:0:1 - - [25/Nov/2015:14:10:52 +0200] "GET /login HTTP/1.1" 200 598
0:0:0:0:0:0:0:1 - - [25/Nov/2015:14:10:57 +0200] "POST /login HTTP/1.1" 302 -
0:0:0:0:0:0:0:1 - - [25/Nov/2015:14:10:58 +0200] "GET / HTTP/1.1" 200 438
0:0:0:0:0:0:0:1 - - [25/Nov/2015:14:11:02 +0200] "GET /hello HTTP/1.1" 200 724
0:0:0:0:0:0:0:1 - - [25/Nov/2015:14:11:02 +0200] "GET /hello HTTP/1.1" 200 724
0:0:0:0:0:0:0:1 - - [25/Nov/2015:14:11:12 +0200] "POST /show HTTP/1.1" 400 200
0:0:0:0:0:0:0:1 - - [25/Nov/2015:14:11:21 +0200] "GET /hello HTTP/1.1" 200 724
0:0:0:0:0:0:0:1 - - [25/Nov/2015:14:11:24 +0200] "POST /show HTTP/1.1" 200 436
0:0:0:0:0:0:0:1 - - [25/Nov/2015:14:11:35 +0200] "GET / HTTP/1.1" 200 438
0:0:0:0:0:0:0:1 - - [25/Nov/2015:14:19:55 +0200] "GET / HTTP/1.1" 200 438
0:0:0:0:0:0:0:1 - - [25/Nov/2015:14:20:02 +0200] "POST /logout HTTP/1.1" 302 -
0:0:0:0:0:0:0:1 - - [25/Nov/2015:14:20:02 +0200] "GET /login HTTP/1.1" 200 598
0:0:0:0:0:0:0:1 - - [25/Nov/2015:14:20:10 +0200] "GET /for HTTP/1.1" 302 -
0:0:0:0:0:0:0:1 - - [25/Nov/2015:14:20:10 +0200] "GET /login HTTP/1.1" 200 598
0:0:0:0:0:0:0:1 - - [25/Nov/2015:14:20:15 +0200] "GET /form HTTP/1.1" 302 -
0:0:0:0:0:0:0:1 - - [25/Nov/2015:14:20:15 +0200] "GET /login HTTP/1.1" 200 598
0:0:0:0:0:0:0:1 - - [25/Nov/2015:14:20:21 +0200] "POST /login HTTP/1.1" 302 -
0:0:0:0:0:0:0:1 - - [25/Nov/2015:14:20:21 +0200] "GET /form HTTP/1.1" 500 200
0:0:0:0:0:0:0:1 - - [25/Nov/2015:14:21:21 +0200] "GET /form HTTP/1.1" 200 447
0:0:0:0:0:0:0:1 - - [25/Nov/2015:14:21:35 +0200] "POST /display HTTP/1.1" 500 -
0:0:0:0:0:0:0:1 - - [25/Nov/2015:14:22:30 +0200] "GET / HTTP/1.1" 200 438
0:0:0:0:0:0:0:1 - - [25/Nov/2015:14:22:32 +0200] "POST /logout HTTP/1.1" 302 -
0:0:0:0:0:0:0:1 - - [25/Nov/2015:14:22:32 +0200] "GET /login HTTP/1.1" 200 598
0:0:0:0:0:0:0:1 - - [25/Nov/2015:14:22:39 +0200] "POST /login HTTP/1.1" 302 -
0:0:0:0:0:0:0:1 - - [25/Nov/2015:14:22:39 +0200] "GET / HTTP/1.1" 200 438
0:0:0:0:0:0:0:1 - - [25/Nov/2015:14:22:55 +0200] "GET /form HTTP/1.1" 200 447
0:0:0:0:0:0:0:1 - - [25/Nov/2015:14:23:12 +0200] "POST /display HTTP/1.1" 500 -
0:0:0:0:0:0:0:1 - - [25/Nov/2015:14:25:05 +0200] "GET /display HTTP/1.1" 200 210
0:0:0:0:0:0:0:1 - - [25/Nov/2015:14:25:16 +0200] "GET / HTTP/1.1" 200 438
0:0:0:0:0:0:0:1 - - [25/Nov/2015:14:25:25 +0200] "GET / HTTP/1.1" 200 438
0:0:0:0:0:0:0:1 - - [25/Nov/2015:14:25:31 +0200] "GET /for HTTP/1.1" 404 200
0:0:0:0:0:0:0:1 - - [25/Nov/2015:14:25:34 +0200] "GET /form HTTP/1.1" 200 447
0:0:0:0:0:0:0:1 - - [25/Nov/2015:14:25:45 +0200] "GET /hello HTTP/1.1" 200 724
0:0:0:0:0:0:0:1 - - [25/Nov/2015:14:25:45 +0200] "GET /hello HTTP/1.1" 200 724
0:0:0:0:0:0:0:1 - - [25/Nov/2015:14:25:55 +0200] "GET /form HTTP/1.1" 200 447
0:0:0:0:0:0:0:1 - - [25/Nov/2015:14:25:56 +0200] "GET /form HTTP/1.1" 200 447
0:0:0:0:0:0:0:1 - - [25/Nov/2015:14:26:10 +0200] "POST /display HTTP/1.1" 500 -
0:0:0:0:0:0:0:1 - - [25/Nov/2015:14:27:54 +0200] "GET /display HTTP/1.1" 200 210
0:0:0:0:0:0:0:1 - - [25/Nov/2015:14:27:58 +0200] "GET / HTTP/1.1" 200 438
0:0:0:0:0:0:0:1 - - [25/Nov/2015:14:27:59 +0200] "POST /logout HTTP/1.1" 302 -
0:0:0:0:0:0:0:1 - - [25/Nov/2015:14:27:59 +0200] "GET /login HTTP/1.1" 200 598
0:0:0:0:0:0:0:1 - - [25/Nov/2015:14:28:03 +0200] "POST /login HTTP/1.1" 302 -
0:0:0:0:0:0:0:1 - - [25/Nov/2015:14:28:03 +0200] "GET /login?error HTTP/1.1" 200 598
0:0:0:0:0:0:0:1 - - [25/Nov/2015:14:28:07 +0200] "POST /login HTTP/1.1" 302 -
0:0:0:0:0:0:0:1 - - [25/Nov/2015:14:28:07 +0200] "GET / HTTP/1.1" 200 438
0:0:0:0:0:0:0:1 - - [25/Nov/2015:14:28:15 +0200] "GET /form HTTP/1.1" 200 551
0:0:0:0:0:0:0:1 - - [25/Nov/2015:14:28:15 +0200] "GET /form HTTP/1.1" 200 551
0:0:0:0:0:0:0:1 - - [25/Nov/2015:14:28:17 +0200] "POST /display HTTP/1.1" 200 214
0:0:0:0:0:0:0:1 - - [25/Nov/2015:14:32:27 +0200] "POST /display HTTP/1.1" 302 -
0:0:0:0:0:0:0:1 - - [25/Nov/2015:14:32:27 +0200] "GET /login HTTP/1.1" 200 598
0:0:0:0:0:0:0:1 - - [25/Nov/2015:14:32:37 +0200] "POST /login HTTP/1.1" 302 -
0:0:0:0:0:0:0:1 - - [25/Nov/2015:14:32:37 +0200] "GET /display HTTP/1.1" 500 200
0:0:0:0:0:0:0:1 - - [25/Nov/2015:14:32:47 +0200] "GET / HTTP/1.1" 200 438
0:0:0:0:0:0:0:1 - - [25/Nov/2015:14:32:50 +0200] "POST /logout HTTP/1.1" 302 -
0:0:0:0:0:0:0:1 - - [25/Nov/2015:14:32:50 +0200] "GET /login HTTP/1.1" 200 598
0:0:0:0:0:0:0:1 - - [25/Nov/2015:14:33:02 +0200] "GET / HTTP/1.1" 200 438
0:0:0:0:0:0:0:1 - - [25/Nov/2015:14:33:04 +0200] "POST /logout HTTP/1.1" 302 -
0:0:0:0:0:0:0:1 - - [25/Nov/2015:14:33:04 +0200] "GET /login HTTP/1.1" 200 598
0:0:0:0:0:0:0:1 - - [25/Nov/2015:14:33:26 +0200] "POST /login HTTP/1.1" 302 -
0:0:0:0:0:0:0:1 - - [25/Nov/2015:14:33:26 +0200] "GET / HTTP/1.1" 200 438
0:0:0:0:0:0:0:1 - - [25/Nov/2015:14:33:37 +0200] "POST /display HTTP/1.1" 500 -
0:0:0:0:0:0:0:1 - - [25/Nov/2015:14:34:55 +0200] "GET /display HTTP/1.1" 200 210
0:0:0:0:0:0:0:1 - - [25/Nov/2015:14:35:18 +0200] "POST /display HTTP/1.1" 200 214
0:0:0:0:0:0:0:1 - - [25/Nov/2015:14:35:27 +0200] "POST /display HTTP/1.1" 403 -
0:0:0:0:0:0:0:1 - - [25/Nov/2015:14:35:42 +0200] "POST /display HTTP/1.1" 403 -
0:0:0:0:0:0:0:1 - - [25/Nov/2015:14:35:56 +0200] "POST /display HTTP/1.1" 200 214
0:0:0:0:0:0:0:1 - - [25/Nov/2015:15:08:06 +0200] "GET / HTTP/1.1" 302 -
0:0:0:0:0:0:0:1 - - [25/Nov/2015:15:08:06 +0200] "GET /login HTTP/1.1" 200 598
0:0:0:0:0:0:0:1 - - [25/Nov/2015:15:08:19 +0200] "GET /login HTTP/1.1" 200 598
0:0:0:0:0:0:0:1 - - [25/Nov/2015:15:08:36 +0200] "GET /login HTTP/1.1" 200 598
0:0:0:0:0:0:0:1 - - [25/Nov/2015:15:08:49 +0200] "POST /login HTTP/1.1" 302 -
0:0:0:0:0:0:0:1 - - [25/Nov/2015:15:08:49 +0200] "GET / HTTP/1.1" 200 438
0:0:0:0:0:0:0:1 - - [25/Nov/2015:15:09:08 +0200] "GET / HTTP/1.1" 200 438
0:0:0:0:0:0:0:1 - - [25/Nov/2015:15:09:14 +0200] "POST /logout HTTP/1.1" 302 -
0:0:0:0:0:0:0:1 - - [25/Nov/2015:15:09:14 +0200] "GET /login HTTP/1.1" 200 598
0:0:0:0:0:0:0:1 - - [25/Nov/2015:15:09:19 +0200] "GET /login HTTP/1.1" 200 598
0:0:0:0:0:0:0:1 - - [25/Nov/2015:15:09:21 +0200] "GET /login HTTP/1.1" 200 598
0:0:0:0:0:0:0:1 - - [25/Nov/2015:15:09:27 +0200] "GET /login HTTP/1.1" 200 598
0:0:0:0:0:0:0:1 - - [25/Nov/2015:15:09:33 +0200] "GET /login HTTP/1.1" 200 598
0:0:0:0:0:0:0:1 - - [25/Nov/2015:15:09:40 +0200] "POST /login HTTP/1.1" 302 -
0:0:0:0:0:0:0:1 - - [25/Nov/2015:15:09:40 +0200] "GET / HTTP/1.1" 200 438
0:0:0:0:0:0:0:1 - - [25/Nov/2015:15:09:46 +0200] "GET / HTTP/1.1" 200 438
0:0:0:0:0:0:0:1 - - [25/Nov/2015:15:09:51 +0200] "POST /logout HTTP/1.1" 302 -
0:0:0:0:0:0:0:1 - - [25/Nov/2015:15:09:52 +0200] "GET /login HTTP/1.1" 200 598
0:0:0:0:0:0:0:1 - - [25/Nov/2015:15:10:02 +0200] "GET /login HTTP/1.1" 200 598
0:0:0:0:0:0:0:1 - - [25/Nov/2015:15:10:13 +0200] "GET /login HTTP/1.1" 200 598
0:0:0:0:0:0:0:1 - - [25/Nov/2015:15:11:18 +0200] "GET /login HTTP/1.1" 200 598
0:0:0:0:0:0:0:1 - - [25/Nov/2015:15:11:24 +0200] "POST /login HTTP/1.1" 302 -
0:0:0:0:0:0:0:1 - - [25/Nov/2015:15:11:24 +0200] "GET / HTTP/1.1" 200 438
0:0:0:0:0:0:0:1 - - [25/Nov/2015:15:11:34 +0200] "GET / HTTP/1.1" 200 438
0:0:0:0:0:0:0:1 - - [25/Nov/2015:15:11:38 +0200] "POST /logout HTTP/1.1" 302 -
0:0:0:0:0:0:0:1 - - [25/Nov/2015:15:11:38 +0200] "GET /login HTTP/1.1" 200 598
0:0:0:0:0:0:0:1 - - [25/Nov/2015:15:11:46 +0200] "GET /login HTTP/1.1" 200 598
0:0:0:0:0:0:0:1 - - [25/Nov/2015:15:12:06 +0200] "GET /login HTTP/1.1" 200 598
0:0:0:0:0:0:0:1 - - [25/Nov/2015:15:12:22 +0200] "GET /login HTTP/1.1" 200 598
