0:0:0:0:0:0:0:1 - - [24/Nov/2015:01:08:39 +0200] "GET / HTTP/1.1" 302 -
0:0:0:0:0:0:0:1 - - [24/Nov/2015:01:08:40 +0200] "GET /login HTTP/1.1" 500 200
0:0:0:0:0:0:0:1 - - [24/Nov/2015:01:12:40 +0200] "GET / HTTP/1.1" 302 -
0:0:0:0:0:0:0:1 - - [24/Nov/2015:01:12:41 +0200] "GET /login HTTP/1.1" 200 494
0:0:0:0:0:0:0:1 - - [24/Nov/2015:01:12:49 +0200] "POST /login HTTP/1.1" 403 200
0:0:0:0:0:0:0:1 - - [24/Nov/2015:01:13:09 +0200] "GET /login HTTP/1.1" 200 494
0:0:0:0:0:0:0:1 - - [24/Nov/2015:01:13:09 +0200] "GET /login HTTP/1.1" 200 494
0:0:0:0:0:0:0:1 - - [24/Nov/2015:01:13:10 +0200] "GET /login HTTP/1.1" 200 494
0:0:0:0:0:0:0:1 - - [24/Nov/2015:01:13:12 +0200] "POST /login HTTP/1.1" 403 200
0:0:0:0:0:0:0:1 - - [24/Nov/2015:01:13:48 +0200] "GET /login HTTP/1.1" 200 494
0:0:0:0:0:0:0:1 - - [24/Nov/2015:01:13:52 +0200] "POST /login HTTP/1.1" 302 -
0:0:0:0:0:0:0:1 - - [24/Nov/2015:01:13:52 +0200] "GET / HTTP/1.1" 200 285
0:0:0:0:0:0:0:1 - - [24/Nov/2015:01:17:05 +0200] "GET / HTTP/1.1" 200 285
0:0:0:0:0:0:0:1 - - [24/Nov/2015:01:17:16 +0200] "GET / HTTP/1.1" 200 285
0:0:0:0:0:0:0:1 - - [24/Nov/2015:01:17:18 +0200] "POST /logout HTTP/1.1" 302 -
0:0:0:0:0:0:0:1 - - [24/Nov/2015:01:17:18 +0200] "GET /login?logout HTTP/1.1" 200 494
0:0:0:0:0:0:0:1 - - [24/Nov/2015:01:17:27 +0200] "GET / HTTP/1.1" 302 -
0:0:0:0:0:0:0:1 - - [24/Nov/2015:01:17:28 +0200] "GET /login HTTP/1.1" 200 494
0:0:0:0:0:0:0:1 - - [24/Nov/2015:01:18:35 +0200] "GET / HTTP/1.1" 302 -
0:0:0:0:0:0:0:1 - - [24/Nov/2015:01:18:36 +0200] "GET /login HTTP/1.1" 200 494
0:0:0:0:0:0:0:1 - - [24/Nov/2015:01:18:39 +0200] "POST /login HTTP/1.1" 302 -
0:0:0:0:0:0:0:1 - - [24/Nov/2015:01:18:39 +0200] "GET / HTTP/1.1" 200 285
0:0:0:0:0:0:0:1 - - [24/Nov/2015:01:18:42 +0200] "POST /logout HTTP/1.1" 302 -
0:0:0:0:0:0:0:1 - - [24/Nov/2015:01:18:42 +0200] "GET /index HTTP/1.1" 200 285
0:0:0:0:0:0:0:1 - - [24/Nov/2015:01:18:57 +0200] "GET / HTTP/1.1" 302 -
0:0:0:0:0:0:0:1 - - [24/Nov/2015:01:18:57 +0200] "GET /login HTTP/1.1" 200 494
0:0:0:0:0:0:0:1 - - [24/Nov/2015:01:19:03 +0200] "GET /login HTTP/1.1" 200 494
0:0:0:0:0:0:0:1 - - [24/Nov/2015:01:19:08 +0200] "GET / HTTP/1.1" 302 -
0:0:0:0:0:0:0:1 - - [24/Nov/2015:01:19:08 +0200] "GET /login HTTP/1.1" 200 494
0:0:0:0:0:0:0:1 - - [24/Nov/2015:01:19:58 +0200] "GET /login HTTP/1.1" 200 494
0:0:0:0:0:0:0:1 - - [24/Nov/2015:01:25:12 +0200] "GET / HTTP/1.1" 302 -
0:0:0:0:0:0:0:1 - - [24/Nov/2015:01:25:13 +0200] "GET /login HTTP/1.1" 200 494
0:0:0:0:0:0:0:1 - - [24/Nov/2015:01:25:20 +0200] "POST /login HTTP/1.1" 403 200
0:0:0:0:0:0:0:1 - - [24/Nov/2015:01:25:31 +0200] "GET /login HTTP/1.1" 200 494
0:0:0:0:0:0:0:1 - - [24/Nov/2015:01:25:33 +0200] "POST /login HTTP/1.1" 403 200
0:0:0:0:0:0:0:1 - - [24/Nov/2015:01:26:08 +0200] "GET /hello HTTP/1.1" 302 -
0:0:0:0:0:0:0:1 - - [24/Nov/2015:01:26:09 +0200] "GET /login HTTP/1.1" 200 494
0:0:0:0:0:0:0:1 - - [24/Nov/2015:01:26:15 +0200] "POST /login HTTP/1.1" 403 200
0:0:0:0:0:0:0:1 - - [24/Nov/2015:01:26:26 +0200] "GET /login HTTP/1.1" 200 494
0:0:0:0:0:0:0:1 - - [24/Nov/2015:01:27:02 +0200] "GET /login HTTP/1.1" 200 494
0:0:0:0:0:0:0:1 - - [24/Nov/2015:01:27:08 +0200] "POST /login HTTP/1.1" 403 200
0:0:0:0:0:0:0:1 - - [24/Nov/2015:01:27:15 +0200] "GET /login HTTP/1.1" 200 494
0:0:0:0:0:0:0:1 - - [24/Nov/2015:01:34:10 +0200] "GET / HTTP/1.1" 302 -
0:0:0:0:0:0:0:1 - - [24/Nov/2015:01:34:11 +0200] "GET /login HTTP/1.1" 200 494
0:0:0:0:0:0:0:1 - - [24/Nov/2015:01:34:16 +0200] "POST /login HTTP/1.1" 403 200
0:0:0:0:0:0:0:1 - - [24/Nov/2015:01:34:52 +0200] "GET /login HTTP/1.1" 200 494
0:0:0:0:0:0:0:1 - - [24/Nov/2015:01:34:56 +0200] "POST /login HTTP/1.1" 403 200
0:0:0:0:0:0:0:1 - - [24/Nov/2015:01:35:20 +0200] "GET /login HTTP/1.1" 200 494
0:0:0:0:0:0:0:1 - - [24/Nov/2015:01:36:37 +0200] "GET /login HTTP/1.1" 200 494
0:0:0:0:0:0:0:1 - - [24/Nov/2015:01:36:41 +0200] "POST /login HTTP/1.1" 302 -
0:0:0:0:0:0:0:1 - - [24/Nov/2015:01:36:41 +0200] "GET / HTTP/1.1" 200 285
0:0:0:0:0:0:0:1 - - [24/Nov/2015:01:36:44 +0200] "POST /logout HTTP/1.1" 302 -
0:0:0:0:0:0:0:1 - - [24/Nov/2015:01:36:44 +0200] "GET /login?logout HTTP/1.1" 302 -
0:0:0:0:0:0:0:1 - - [24/Nov/2015:01:36:44 +0200] "GET /login HTTP/1.1" 200 494
0:0:0:0:0:0:0:1 - - [24/Nov/2015:01:36:57 +0200] "GET / HTTP/1.1" 302 -
0:0:0:0:0:0:0:1 - - [24/Nov/2015:01:36:57 +0200] "GET /login HTTP/1.1" 200 494
0:0:0:0:0:0:0:1 - - [24/Nov/2015:01:37:10 +0200] "POST /login HTTP/1.1" 302 -
0:0:0:0:0:0:0:1 - - [24/Nov/2015:01:37:10 +0200] "GET / HTTP/1.1" 200 285
0:0:0:0:0:0:0:1 - - [24/Nov/2015:15:26:48 +0200] "GET / HTTP/1.1" 302 -
0:0:0:0:0:0:0:1 - - [24/Nov/2015:15:26:49 +0200] "GET /login HTTP/1.1" 200 550
0:0:0:0:0:0:0:1 - - [24/Nov/2015:15:27:01 +0200] "GET / HTTP/1.1" 302 -
0:0:0:0:0:0:0:1 - - [24/Nov/2015:15:27:01 +0200] "GET /login HTTP/1.1" 200 550
0:0:0:0:0:0:0:1 - - [24/Nov/2015:15:27:01 +0200] "GET /favicon.ico HTTP/1.1" 302 -
0:0:0:0:0:0:0:1 - - [24/Nov/2015:15:27:01 +0200] "GET /login HTTP/1.1" 200 550
0:0:0:0:0:0:0:1 - - [24/Nov/2015:15:27:26 +0200] "POST /login HTTP/1.1" 302 -
0:0:0:0:0:0:0:1 - - [24/Nov/2015:15:27:26 +0200] "GET / HTTP/1.1" 200 341
0:0:0:0:0:0:0:1 - - [24/Nov/2015:15:27:26 +0200] "GET /favicon.ico HTTP/1.1" 404 126
0:0:0:0:0:0:0:1 - - [24/Nov/2015:15:27:40 +0200] "GET /hello HTTP/1.1" 200 676
0:0:0:0:0:0:0:1 - - [24/Nov/2015:15:27:41 +0200] "GET /hello HTTP/1.1" 200 676
0:0:0:0:0:0:0:1 - - [24/Nov/2015:15:28:06 +0200] "GET /index HTTP/1.1" 200 341
0:0:0:0:0:0:0:1 - - [24/Nov/2015:15:40:59 +0200] "POST /logout HTTP/1.1" 302 -
0:0:0:0:0:0:0:1 - - [24/Nov/2015:15:40:59 +0200] "GET /login?logout HTTP/1.1" 302 -
0:0:0:0:0:0:0:1 - - [24/Nov/2015:15:41:00 +0200] "GET /login HTTP/1.1" 200 574
0:0:0:0:0:0:0:1 - - [24/Nov/2015:15:41:07 +0200] "GET /index HTTP/1.1" 302 -
0:0:0:0:0:0:0:1 - - [24/Nov/2015:15:41:07 +0200] "GET /login HTTP/1.1" 200 574
0:0:0:0:0:0:0:1 - - [24/Nov/2015:15:41:17 +0200] "POST /login HTTP/1.1" 302 -
0:0:0:0:0:0:0:1 - - [24/Nov/2015:15:41:17 +0200] "GET /index HTTP/1.1" 200 365
0:0:0:0:0:0:0:1 - - [24/Nov/2015:20:38:17 +0200] "GET /index HTTP/1.1" 302 -
0:0:0:0:0:0:0:1 - - [24/Nov/2015:20:38:17 +0200] "GET /login HTTP/1.1" 200 574
0:0:0:0:0:0:0:1 - - [24/Nov/2015:20:38:35 +0200] "POST /login HTTP/1.1" 302 -
0:0:0:0:0:0:0:1 - - [24/Nov/2015:20:38:35 +0200] "GET /index HTTP/1.1" 200 365
0:0:0:0:0:0:0:1 - - [24/Nov/2015:20:45:42 +0200] "GET /index HTTP/1.1" 200 365
0:0:0:0:0:0:0:1 - - [24/Nov/2015:20:46:00 +0200] "GET /index HTTP/1.1" 200 365
0:0:0:0:0:0:0:1 - - [24/Nov/2015:20:46:43 +0200] "GET / HTTP/1.1" 200 365
0:0:0:0:0:0:0:1 - - [24/Nov/2015:20:46:50 +0200] "GET /hello HTTP/1.1" 200 700
0:0:0:0:0:0:0:1 - - [24/Nov/2015:20:46:50 +0200] "GET /hello HTTP/1.1" 200 700
0:0:0:0:0:0:0:1 - - [24/Nov/2015:20:48:03 +0200] "GET /kson HTTP/1.1" 404 200
0:0:0:0:0:0:0:1 - - [24/Nov/2015:20:48:12 +0200] "GET /kson HTTP/1.1" 404 200
0:0:0:0:0:0:0:1 - - [24/Nov/2015:20:48:18 +0200] "GET /json HTTP/1.1" 400 200
0:0:0:0:0:0:0:1 - - [24/Nov/2015:20:48:21 +0200] "GET /con HTTP/1.1" 200 246
0:0:0:0:0:0:0:1 - - [24/Nov/2015:20:49:08 +0200] "GET /hello?csrf=8a9af742-b113-4c77-a918-0a93c84138d8 HTTP/1.1" 200 700
