0:0:0:0:0:0:0:1 - - [22/Nov/2015:02:29:36 +0200] "GET / HTTP/1.1" 200 164
0:0:0:0:0:0:0:1 - - [22/Nov/2015:02:29:37 +0200] "GET /favicon.ico HTTP/1.1" 404 126
0:0:0:0:0:0:0:1 - - [22/Nov/2015:02:29:37 +0200] "GET /apple-touch-icon-precomposed.png HTTP/1.1" 404 147
0:0:0:0:0:0:0:1 - - [22/Nov/2015:02:29:37 +0200] "GET /apple-touch-icon.png HTTP/1.1" 404 135
0:0:0:0:0:0:0:1 - - [22/Nov/2015:02:30:09 +0200] "GET / HTTP/1.1" 200 164
0:0:0:0:0:0:0:1 - - [22/Nov/2015:02:30:12 +0200] "GET /hello HTTP/1.1" 200 609
0:0:0:0:0:0:0:1 - - [22/Nov/2015:02:30:16 +0200] "GET /hello HTTP/1.1" 200 609
0:0:0:0:0:0:0:1 - - [22/Nov/2015:02:30:17 +0200] "GET / HTTP/1.1" 200 164
0:0:0:0:0:0:0:1 - - [22/Nov/2015:02:30:19 +0200] "GET /json HTTP/1.1" 400 200
0:0:0:0:0:0:0:1 - - [22/Nov/2015:02:31:44 +0200] "GET /json HTTP/1.1" 400 -
0:0:0:0:0:0:0:1 - - [22/Nov/2015:02:31:45 +0200] "GET / HTTP/1.1" 200 164
0:0:0:0:0:0:0:1 - - [22/Nov/2015:02:31:45 +0200] "GET / HTTP/1.1" 200 164
0:0:0:0:0:0:0:1 - - [22/Nov/2015:02:31:46 +0200] "GET / HTTP/1.1" 200 164
0:0:0:0:0:0:0:1 - - [22/Nov/2015:02:31:47 +0200] "GET / HTTP/1.1" 200 164
0:0:0:0:0:0:0:1 - - [22/Nov/2015:02:31:48 +0200] "GET / HTTP/1.1" 200 164
0:0:0:0:0:0:0:1 - - [22/Nov/2015:02:31:48 +0200] "GET / HTTP/1.1" 200 164
0:0:0:0:0:0:0:1 - - [22/Nov/2015:02:31:48 +0200] "GET / HTTP/1.1" 200 164
0:0:0:0:0:0:0:1 - - [22/Nov/2015:02:31:53 +0200] "GET /con HTTP/1.1" 200 211
0:0:0:0:0:0:0:1 - - [22/Nov/2015:02:31:56 +0200] "GET /hello?csrf=csrf+code HTTP/1.1" 200 609
0:0:0:0:0:0:0:1 - - [22/Nov/2015:02:34:19 +0200] "GET / HTTP/1.1" 200 164
0:0:0:0:0:0:0:1 - - [22/Nov/2015:02:34:19 +0200] "GET / HTTP/1.1" 200 164
0:0:0:0:0:0:0:1 - - [22/Nov/2015:02:34:38 +0200] "GET / HTTP/1.1" 200 164
0:0:0:0:0:0:0:1 - - [22/Nov/2015:02:34:39 +0200] "GET /favicon.ico HTTP/1.1" 404 126
0:0:0:0:0:0:0:1 - - [22/Nov/2015:02:39:52 +0200] "GET / HTTP/1.1" 200 164
0:0:0:0:0:0:0:1 - - [22/Nov/2015:02:39:52 +0200] "GET /favicon.ico HTTP/1.1" 404 126
0:0:0:0:0:0:0:1 - - [22/Nov/2015:02:42:06 +0200] "GET / HTTP/1.1" 200 164
0:0:0:0:0:0:0:1 - - [22/Nov/2015:02:42:10 +0200] "GET / HTTP/1.1" 200 164
0:0:0:0:0:0:0:1 - - [22/Nov/2015:02:42:12 +0200] "GET / HTTP/1.1" 200 164
0:0:0:0:0:0:0:1 - - [22/Nov/2015:02:42:14 +0200] "GET /hello HTTP/1.1" 200 609
0:0:0:0:0:0:0:1 - - [22/Nov/2015:02:42:18 +0200] "POST /show HTTP/1.1" 400 200
0:0:0:0:0:0:0:1 - - [22/Nov/2015:02:42:28 +0200] "POST /show HTTP/1.1" 400 200
0:0:0:0:0:0:0:1 - - [22/Nov/2015:02:47:25 +0200] "GET / HTTP/1.1" 200 164
0:0:0:0:0:0:0:1 - - [22/Nov/2015:18:22:21 +0200] "GET / HTTP/1.1" 200 164
0:0:0:0:0:0:0:1 - - [22/Nov/2015:18:22:21 +0200] "GET /favicon.ico HTTP/1.1" 404 126
0:0:0:0:0:0:0:1 - - [22/Nov/2015:18:22:34 +0200] "GET / HTTP/1.1" 200 164
