0:0:0:0:0:0:0:1 - - [23/Nov/2015:20:38:42 +0200] "GET / HTTP/1.1" 302 -
0:0:0:0:0:0:0:1 - - [23/Nov/2015:20:38:43 +0200] "GET /hello HTTP/1.1" 200 673
0:0:0:0:0:0:0:1 - - [23/Nov/2015:20:49:18 +0200] "GET / HTTP/1.1" 302 -
0:0:0:0:0:0:0:1 - - [23/Nov/2015:20:49:19 +0200] "GET /login HTTP/1.1" 200 550
0:0:0:0:0:0:0:1 - - [23/Nov/2015:20:49:25 +0200] "POST /login HTTP/1.1" 302 -
0:0:0:0:0:0:0:1 - - [23/Nov/2015:20:49:26 +0200] "GET / HTTP/1.1" 200 164
0:0:0:0:0:0:0:1 - - [23/Nov/2015:20:49:35 +0200] "GET /logout HTTP/1.1" 404 200
0:0:0:0:0:0:0:1 - - [23/Nov/2015:20:50:49 +0200] "GET /logout HTTP/1.1" 404 200
0:0:0:0:0:0:0:1 - - [23/Nov/2015:20:50:59 +0200] "GET / HTTP/1.1" 200 164
0:0:0:0:0:0:0:1 - - [23/Nov/2015:20:51:11 +0200] "GET /login?success HTTP/1.1" 404 200
0:0:0:0:0:0:0:1 - - [23/Nov/2015:20:54:46 +0200] "GET / HTTP/1.1" 200 164
0:0:0:0:0:0:0:1 - - [23/Nov/2015:20:54:53 +0200] "GET /logout HTTP/1.1" 404 200
0:0:0:0:0:0:0:1 - - [23/Nov/2015:21:04:07 +0200] "GET /j_spring_security_logout HTTP/1.1" 404 200
0:0:0:0:0:0:0:1 - - [23/Nov/2015:21:04:37 +0200] "GET / HTTP/1.1" 200 164
0:0:0:0:0:0:0:1 - - [23/Nov/2015:21:08:49 +0200] "GET /logout HTTP/1.1" 404 200
0:0:0:0:0:0:0:1 - - [23/Nov/2015:21:12:31 +0200] "GET /logout HTTP/1.1" 404 200
0:0:0:0:0:0:0:1 - - [23/Nov/2015:21:13:17 +0200] "GET /logout HTTP/1.1" 404 200
0:0:0:0:0:0:0:1 - - [23/Nov/2015:21:13:20 +0200] "GET /logout HTTP/1.1" 404 200
0:0:0:0:0:0:0:1 - - [23/Nov/2015:21:13:35 +0200] "GET / HTTP/1.1" 200 164
0:0:0:0:0:0:0:1 - - [23/Nov/2015:21:15:57 +0200] "GET / HTTP/1.1" 200 164
0:0:0:0:0:0:0:1 - - [23/Nov/2015:21:16:04 +0200] "GET /session HTTP/1.1" 500 200
0:0:0:0:0:0:0:1 - - [23/Nov/2015:21:17:47 +0200] "GET /session HTTP/1.1" 500 200
0:0:0:0:0:0:0:1 - - [23/Nov/2015:21:18:49 +0200] "GET /session HTTP/1.1" 200 153
0:0:0:0:0:0:0:1 - - [23/Nov/2015:21:18:56 +0200] "GET / HTTP/1.1" 200 164
0:0:0:0:0:0:0:1 - - [23/Nov/2015:21:19:33 +0200] "GET /index HTTP/1.1" 200 164
0:0:0:0:0:0:0:1 - - [23/Nov/2015:21:20:17 +0200] "GET /index HTTP/1.1" 200 164
0:0:0:0:0:0:0:1 - - [23/Nov/2015:21:20:22 +0200] "GET /session HTTP/1.1" 500 200
0:0:0:0:0:0:0:1 - - [23/Nov/2015:21:20:46 +0200] "GET /session HTTP/1.1" 500 200
0:0:0:0:0:0:0:1 - - [23/Nov/2015:21:21:22 +0200] "GET /session HTTP/1.1" 500 200
0:0:0:0:0:0:0:1 - - [23/Nov/2015:21:22:41 +0200] "GET /session HTTP/1.1" 500 200
0:0:0:0:0:0:0:1 - - [23/Nov/2015:21:23:16 +0200] "GET /session HTTP/1.1" 500 200
0:0:0:0:0:0:0:1 - - [23/Nov/2015:21:24:09 +0200] "GET /session HTTP/1.1" 500 200
0:0:0:0:0:0:0:1 - - [23/Nov/2015:21:24:44 +0200] "GET /session HTTP/1.1" 500 200
0:0:0:0:0:0:0:1 - - [23/Nov/2015:21:25:20 +0200] "GET /session HTTP/1.1" 500 200
0:0:0:0:0:0:0:1 - - [23/Nov/2015:21:29:14 +0200] "GET /session HTTP/1.1" 302 -
0:0:0:0:0:0:0:1 - - [23/Nov/2015:21:29:15 +0200] "GET /index HTTP/1.1" 200 170
0:0:0:0:0:0:0:1 - - [23/Nov/2015:21:32:35 +0200] "GET /logout HTTP/1.1" 404 200
0:0:0:0:0:0:0:1 - - [23/Nov/2015:21:35:13 +0200] "GET /logout HTTP/1.1" 404 200
0:0:0:0:0:0:0:1 - - [23/Nov/2015:21:37:01 +0200] "GET /j_spring_security_logout HTTP/1.1" 404 200
0:0:0:0:0:0:0:1 - - [23/Nov/2015:21:43:26 +0200] "GET / HTTP/1.1" 200 170
0:0:0:0:0:0:0:1 - - [23/Nov/2015:21:43:29 +0200] "GET /logout HTTP/1.1" 404 200
0:0:0:0:0:0:0:1 - - [23/Nov/2015:21:50:14 +0200] "GET / HTTP/1.1" 500 200
0:0:0:0:0:0:0:1 - - [23/Nov/2015:21:50:56 +0200] "GET / HTTP/1.1" 200 335
0:0:0:0:0:0:0:1 - - [23/Nov/2015:21:51:00 +0200] "POST /logout HTTP/1.1" 403 200
0:0:0:0:0:0:0:1 - - [23/Nov/2015:21:51:34 +0200] "GET / HTTP/1.1" 200 332
0:0:0:0:0:0:0:1 - - [23/Nov/2015:21:52:07 +0200] "GET / HTTP/1.1" 200 338
0:0:0:0:0:0:0:1 - - [23/Nov/2015:21:52:12 +0200] "POST /logout HTTP/1.1" 403 200
0:0:0:0:0:0:0:1 - - [23/Nov/2015:21:53:06 +0200] "GET /logout HTTP/1.1" 404 200
0:0:0:0:0:0:0:1 - - [23/Nov/2015:21:53:14 +0200] "GET / HTTP/1.1" 200 338
0:0:0:0:0:0:0:1 - - [23/Nov/2015:21:53:15 +0200] "GET / HTTP/1.1" 200 338
0:0:0:0:0:0:0:1 - - [23/Nov/2015:21:53:18 +0200] "POST /logout HTTP/1.1" 403 200
0:0:0:0:0:0:0:1 - - [23/Nov/2015:21:54:19 +0200] "GET / HTTP/1.1" 200 338
0:0:0:0:0:0:0:1 - - [23/Nov/2015:21:54:20 +0200] "POST /logout HTTP/1.1" 403 200
0:0:0:0:0:0:0:1 - - [23/Nov/2015:21:56:18 +0200] "GET / HTTP/1.1" 200 338
0:0:0:0:0:0:0:1 - - [23/Nov/2015:21:56:19 +0200] "POST /logout HTTP/1.1" 403 200
0:0:0:0:0:0:0:1 - - [23/Nov/2015:21:58:46 +0200] "GET / HTTP/1.1" 200 338
0:0:0:0:0:0:0:1 - - [23/Nov/2015:21:58:47 +0200] "POST /logout HTTP/1.1" 403 200
0:0:0:0:0:0:0:1 - - [23/Nov/2015:22:00:07 +0200] "GET / HTTP/1.1" 200 338
0:0:0:0:0:0:0:1 - - [23/Nov/2015:22:00:08 +0200] "POST /logout HTTP/1.1" 403 200
0:0:0:0:0:0:0:1 - - [23/Nov/2015:22:01:06 +0200] "GET / HTTP/1.1" 200 285
0:0:0:0:0:0:0:1 - - [23/Nov/2015:22:01:08 +0200] "POST /logout HTTP/1.1" 403 200
0:0:0:0:0:0:0:1 - - [23/Nov/2015:22:11:50 +0200] "GET / HTTP/1.1" 200 285
0:0:0:0:0:0:0:1 - - [23/Nov/2015:22:11:52 +0200] "POST /logout HTTP/1.1" 403 200
0:0:0:0:0:0:0:1 - - [23/Nov/2015:22:15:36 +0200] "GET / HTTP/1.1" 200 285
0:0:0:0:0:0:0:1 - - [23/Nov/2015:22:15:42 +0200] "POST /logout HTTP/1.1" 302 -
0:0:0:0:0:0:0:1 - - [23/Nov/2015:22:15:42 +0200] "GET /login?logout HTTP/1.1" 200 522
0:0:0:0:0:0:0:1 - - [23/Nov/2015:22:18:40 +0200] "POST /login HTTP/1.1" 403 200
0:0:0:0:0:0:0:1 - - [23/Nov/2015:22:18:52 +0200] "GET /login?logout HTTP/1.1" 302 -
0:0:0:0:0:0:0:1 - - [23/Nov/2015:22:18:52 +0200] "GET /login HTTP/1.1" 200 550
0:0:0:0:0:0:0:1 - - [23/Nov/2015:22:19:19 +0200] "GET /login HTTP/1.1" 200 550
0:0:0:0:0:0:0:1 - - [23/Nov/2015:22:19:23 +0200] "POST /login HTTP/1.1" 302 -
0:0:0:0:0:0:0:1 - - [23/Nov/2015:22:19:23 +0200] "GET /login?logout HTTP/1.1" 404 200
0:0:0:0:0:0:0:1 - - [23/Nov/2015:22:20:00 +0200] "GET / HTTP/1.1" 200 285
0:0:0:0:0:0:0:1 - - [23/Nov/2015:22:20:05 +0200] "POST /logout HTTP/1.1" 403 200
0:0:0:0:0:0:0:1 - - [23/Nov/2015:22:20:34 +0200] "GET / HTTP/1.1" 200 285
0:0:0:0:0:0:0:1 - - [23/Nov/2015:22:20:36 +0200] "POST /logout HTTP/1.1" 403 200
0:0:0:0:0:0:0:1 - - [23/Nov/2015:22:21:15 +0200] "GET / HTTP/1.1" 200 285
0:0:0:0:0:0:0:1 - - [23/Nov/2015:22:21:21 +0200] "GET / HTTP/1.1" 200 285
0:0:0:0:0:0:0:1 - - [23/Nov/2015:22:21:29 +0200] "POST /logout HTTP/1.1" 403 200
0:0:0:0:0:0:0:1 - - [23/Nov/2015:22:21:31 +0200] "GET / HTTP/1.1" 200 285
0:0:0:0:0:0:0:1 - - [23/Nov/2015:22:21:48 +0200] "GET /hello HTTP/1.1" 200 620
0:0:0:0:0:0:0:1 - - [23/Nov/2015:22:22:00 +0200] "GET / HTTP/1.1" 200 285
0:0:0:0:0:0:0:1 - - [23/Nov/2015:22:22:02 +0200] "POST /logout HTTP/1.1" 403 200
0:0:0:0:0:0:0:1 - - [23/Nov/2015:22:22:03 +0200] "GET / HTTP/1.1" 200 285
0:0:0:0:0:0:0:1 - - [23/Nov/2015:22:52:19 +0200] "GET / HTTP/1.1" 302 -
0:0:0:0:0:0:0:1 - - [23/Nov/2015:22:52:19 +0200] "GET / HTTP/1.1" 302 -
0:0:0:0:0:0:0:1 - - [23/Nov/2015:22:52:19 +0200] "GET /login HTTP/1.1" 200 550
0:0:0:0:0:0:0:1 - - [23/Nov/2015:22:52:24 +0200] "POST /login HTTP/1.1" 302 -
0:0:0:0:0:0:0:1 - - [23/Nov/2015:22:52:25 +0200] "GET / HTTP/1.1" 200 285
0:0:0:0:0:0:0:1 - - [23/Nov/2015:23:04:28 +0200] "GET / HTTP/1.1" 200 285
0:0:0:0:0:0:0:1 - - [23/Nov/2015:23:04:37 +0200] "GET / HTTP/1.1" 302 -
0:0:0:0:0:0:0:1 - - [23/Nov/2015:23:04:37 +0200] "GET /login HTTP/1.1" 302 -
0:0:0:0:0:0:0:1 - - [23/Nov/2015:23:04:37 +0200] "GET /login HTTP/1.1" 302 -
0:0:0:0:0:0:0:1 - - [23/Nov/2015:23:04:37 +0200] "GET /login HTTP/1.1" 302 -
0:0:0:0:0:0:0:1 - - [23/Nov/2015:23:04:37 +0200] "GET /login HTTP/1.1" 302 -
0:0:0:0:0:0:0:1 - - [23/Nov/2015:23:04:37 +0200] "GET /login HTTP/1.1" 302 -
0:0:0:0:0:0:0:1 - - [23/Nov/2015:23:04:37 +0200] "GET /login HTTP/1.1" 302 -
0:0:0:0:0:0:0:1 - - [23/Nov/2015:23:04:37 +0200] "GET /login HTTP/1.1" 302 -
0:0:0:0:0:0:0:1 - - [23/Nov/2015:23:04:38 +0200] "GET /login HTTP/1.1" 302 -
0:0:0:0:0:0:0:1 - - [23/Nov/2015:23:04:38 +0200] "GET /login HTTP/1.1" 302 -
0:0:0:0:0:0:0:1 - - [23/Nov/2015:23:04:38 +0200] "GET /login HTTP/1.1" 302 -
0:0:0:0:0:0:0:1 - - [23/Nov/2015:23:04:38 +0200] "GET /login HTTP/1.1" 302 -
0:0:0:0:0:0:0:1 - - [23/Nov/2015:23:04:38 +0200] "GET /login HTTP/1.1" 302 -
0:0:0:0:0:0:0:1 - - [23/Nov/2015:23:04:38 +0200] "GET /login HTTP/1.1" 302 -
0:0:0:0:0:0:0:1 - - [23/Nov/2015:23:04:38 +0200] "GET /login HTTP/1.1" 302 -
0:0:0:0:0:0:0:1 - - [23/Nov/2015:23:04:38 +0200] "GET /login HTTP/1.1" 302 -
0:0:0:0:0:0:0:1 - - [23/Nov/2015:23:04:38 +0200] "GET /login HTTP/1.1" 302 -
0:0:0:0:0:0:0:1 - - [23/Nov/2015:23:04:38 +0200] "GET /login HTTP/1.1" 302 -
0:0:0:0:0:0:0:1 - - [23/Nov/2015:23:04:38 +0200] "GET /login HTTP/1.1" 302 -
0:0:0:0:0:0:0:1 - - [23/Nov/2015:23:04:38 +0200] "GET /login HTTP/1.1" 302 -
0:0:0:0:0:0:0:1 - - [23/Nov/2015:23:04:38 +0200] "GET /login HTTP/1.1" 302 -
0:0:0:0:0:0:0:1 - - [23/Nov/2015:23:04:38 +0200] "GET /login HTTP/1.1" 302 -
0:0:0:0:0:0:0:1 - - [23/Nov/2015:23:04:38 +0200] "GET /login HTTP/1.1" 302 -
0:0:0:0:0:0:0:1 - - [23/Nov/2015:23:04:38 +0200] "GET /login HTTP/1.1" 302 -
0:0:0:0:0:0:0:1 - - [23/Nov/2015:23:04:38 +0200] "GET /login HTTP/1.1" 302 -
0:0:0:0:0:0:0:1 - - [23/Nov/2015:23:04:38 +0200] "GET /login HTTP/1.1" 302 -
0:0:0:0:0:0:0:1 - - [23/Nov/2015:23:04:38 +0200] "GET /login HTTP/1.1" 302 -
0:0:0:0:0:0:0:1 - - [23/Nov/2015:23:04:38 +0200] "GET /login HTTP/1.1" 302 -
0:0:0:0:0:0:0:1 - - [23/Nov/2015:23:04:38 +0200] "GET /login HTTP/1.1" 302 -
0:0:0:0:0:0:0:1 - - [23/Nov/2015:23:04:38 +0200] "GET /login HTTP/1.1" 302 -
0:0:0:0:0:0:0:1 - - [23/Nov/2015:23:04:38 +0200] "GET /login HTTP/1.1" 302 -
0:0:0:0:0:0:0:1 - - [23/Nov/2015:23:04:38 +0200] "GET /login HTTP/1.1" 302 -
0:0:0:0:0:0:0:1 - - [23/Nov/2015:23:04:38 +0200] "GET /login HTTP/1.1" 302 -
0:0:0:0:0:0:0:1 - - [23/Nov/2015:23:04:38 +0200] "GET /login HTTP/1.1" 302 -
0:0:0:0:0:0:0:1 - - [23/Nov/2015:23:04:38 +0200] "GET /login HTTP/1.1" 302 -
0:0:0:0:0:0:0:1 - - [23/Nov/2015:23:04:38 +0200] "GET /login HTTP/1.1" 302 -
0:0:0:0:0:0:0:1 - - [23/Nov/2015:23:04:38 +0200] "GET /login HTTP/1.1" 302 -
0:0:0:0:0:0:0:1 - - [23/Nov/2015:23:04:38 +0200] "GET /login HTTP/1.1" 302 -
0:0:0:0:0:0:0:1 - - [23/Nov/2015:23:04:38 +0200] "GET /login HTTP/1.1" 302 -
0:0:0:0:0:0:0:1 - - [23/Nov/2015:23:04:38 +0200] "GET /login HTTP/1.1" 302 -
0:0:0:0:0:0:0:1 - - [23/Nov/2015:23:04:38 +0200] "GET /login HTTP/1.1" 302 -
0:0:0:0:0:0:0:1 - - [23/Nov/2015:23:04:38 +0200] "GET /login HTTP/1.1" 302 -
0:0:0:0:0:0:0:1 - - [23/Nov/2015:23:04:43 +0200] "GET /login HTTP/1.1" 302 -
0:0:0:0:0:0:0:1 - - [23/Nov/2015:23:04:43 +0200] "GET /login HTTP/1.1" 302 -
0:0:0:0:0:0:0:1 - - [23/Nov/2015:23:04:43 +0200] "GET /login HTTP/1.1" 302 -
0:0:0:0:0:0:0:1 - - [23/Nov/2015:23:04:43 +0200] "GET /login HTTP/1.1" 302 -
0:0:0:0:0:0:0:1 - - [23/Nov/2015:23:04:43 +0200] "GET /login HTTP/1.1" 302 -
0:0:0:0:0:0:0:1 - - [23/Nov/2015:23:04:43 +0200] "GET /login HTTP/1.1" 302 -
0:0:0:0:0:0:0:1 - - [23/Nov/2015:23:04:43 +0200] "GET /login HTTP/1.1" 302 -
0:0:0:0:0:0:0:1 - - [23/Nov/2015:23:04:43 +0200] "GET /login HTTP/1.1" 302 -
0:0:0:0:0:0:0:1 - - [23/Nov/2015:23:04:43 +0200] "GET /login HTTP/1.1" 302 -
0:0:0:0:0:0:0:1 - - [23/Nov/2015:23:04:43 +0200] "GET /login HTTP/1.1" 302 -
0:0:0:0:0:0:0:1 - - [23/Nov/2015:23:04:43 +0200] "GET /login HTTP/1.1" 302 -
0:0:0:0:0:0:0:1 - - [23/Nov/2015:23:04:43 +0200] "GET /login HTTP/1.1" 302 -
0:0:0:0:0:0:0:1 - - [23/Nov/2015:23:04:43 +0200] "GET /login HTTP/1.1" 302 -
0:0:0:0:0:0:0:1 - - [23/Nov/2015:23:04:43 +0200] "GET /login HTTP/1.1" 302 -
0:0:0:0:0:0:0:1 - - [23/Nov/2015:23:04:43 +0200] "GET /login HTTP/1.1" 302 -
0:0:0:0:0:0:0:1 - - [23/Nov/2015:23:04:43 +0200] "GET /login HTTP/1.1" 302 -
0:0:0:0:0:0:0:1 - - [23/Nov/2015:23:04:43 +0200] "GET /login HTTP/1.1" 302 -
0:0:0:0:0:0:0:1 - - [23/Nov/2015:23:04:43 +0200] "GET /login HTTP/1.1" 302 -
0:0:0:0:0:0:0:1 - - [23/Nov/2015:23:04:43 +0200] "GET /login HTTP/1.1" 302 -
0:0:0:0:0:0:0:1 - - [23/Nov/2015:23:04:43 +0200] "GET /login HTTP/1.1" 302 -
0:0:0:0:0:0:0:1 - - [23/Nov/2015:23:04:43 +0200] "GET /login HTTP/1.1" 302 -
0:0:0:0:0:0:0:1 - - [23/Nov/2015:23:05:13 +0200] "GET /login HTTP/1.1" 302 -
0:0:0:0:0:0:0:1 - - [23/Nov/2015:23:05:13 +0200] "GET /login HTTP/1.1" 302 -
0:0:0:0:0:0:0:1 - - [23/Nov/2015:23:05:13 +0200] "GET /login HTTP/1.1" 302 -
0:0:0:0:0:0:0:1 - - [23/Nov/2015:23:05:13 +0200] "GET /login HTTP/1.1" 302 -
0:0:0:0:0:0:0:1 - - [23/Nov/2015:23:05:13 +0200] "GET /login HTTP/1.1" 302 -
0:0:0:0:0:0:0:1 - - [23/Nov/2015:23:05:13 +0200] "GET /login HTTP/1.1" 302 -
0:0:0:0:0:0:0:1 - - [23/Nov/2015:23:05:13 +0200] "GET /login HTTP/1.1" 302 -
0:0:0:0:0:0:0:1 - - [23/Nov/2015:23:05:13 +0200] "GET /login HTTP/1.1" 302 -
0:0:0:0:0:0:0:1 - - [23/Nov/2015:23:05:13 +0200] "GET /login HTTP/1.1" 302 -
0:0:0:0:0:0:0:1 - - [23/Nov/2015:23:05:13 +0200] "GET /login HTTP/1.1" 302 -
0:0:0:0:0:0:0:1 - - [23/Nov/2015:23:05:13 +0200] "GET /login HTTP/1.1" 302 -
0:0:0:0:0:0:0:1 - - [23/Nov/2015:23:05:13 +0200] "GET /login HTTP/1.1" 302 -
0:0:0:0:0:0:0:1 - - [23/Nov/2015:23:05:13 +0200] "GET /login HTTP/1.1" 302 -
0:0:0:0:0:0:0:1 - - [23/Nov/2015:23:05:13 +0200] "GET /login HTTP/1.1" 302 -
0:0:0:0:0:0:0:1 - - [23/Nov/2015:23:05:13 +0200] "GET /login HTTP/1.1" 302 -
0:0:0:0:0:0:0:1 - - [23/Nov/2015:23:05:13 +0200] "GET /login HTTP/1.1" 302 -
0:0:0:0:0:0:0:1 - - [23/Nov/2015:23:05:13 +0200] "GET /login HTTP/1.1" 302 -
0:0:0:0:0:0:0:1 - - [23/Nov/2015:23:05:13 +0200] "GET /login HTTP/1.1" 302 -
0:0:0:0:0:0:0:1 - - [23/Nov/2015:23:05:13 +0200] "GET /login HTTP/1.1" 302 -
0:0:0:0:0:0:0:1 - - [23/Nov/2015:23:05:13 +0200] "GET /login HTTP/1.1" 302 -
0:0:0:0:0:0:0:1 - - [23/Nov/2015:23:05:13 +0200] "GET /login HTTP/1.1" 302 -
0:0:0:0:0:0:0:1 - - [23/Nov/2015:23:06:28 +0200] "GET / HTTP/1.1" 302 -
0:0:0:0:0:0:0:1 - - [23/Nov/2015:23:06:28 +0200] "GET /login HTTP/1.1" 302 -
0:0:0:0:0:0:0:1 - - [23/Nov/2015:23:06:28 +0200] "GET /login HTTP/1.1" 302 -
0:0:0:0:0:0:0:1 - - [23/Nov/2015:23:06:28 +0200] "GET /login HTTP/1.1" 302 -
0:0:0:0:0:0:0:1 - - [23/Nov/2015:23:06:28 +0200] "GET /login HTTP/1.1" 302 -
0:0:0:0:0:0:0:1 - - [23/Nov/2015:23:06:28 +0200] "GET /login HTTP/1.1" 302 -
0:0:0:0:0:0:0:1 - - [23/Nov/2015:23:06:28 +0200] "GET /login HTTP/1.1" 302 -
0:0:0:0:0:0:0:1 - - [23/Nov/2015:23:06:28 +0200] "GET /login HTTP/1.1" 302 -
0:0:0:0:0:0:0:1 - - [23/Nov/2015:23:06:28 +0200] "GET /login HTTP/1.1" 302 -
0:0:0:0:0:0:0:1 - - [23/Nov/2015:23:06:28 +0200] "GET /login HTTP/1.1" 302 -
0:0:0:0:0:0:0:1 - - [23/Nov/2015:23:06:28 +0200] "GET /login HTTP/1.1" 302 -
0:0:0:0:0:0:0:1 - - [23/Nov/2015:23:06:28 +0200] "GET /login HTTP/1.1" 302 -
0:0:0:0:0:0:0:1 - - [23/Nov/2015:23:06:28 +0200] "GET /login HTTP/1.1" 302 -
0:0:0:0:0:0:0:1 - - [23/Nov/2015:23:06:28 +0200] "GET /login HTTP/1.1" 302 -
0:0:0:0:0:0:0:1 - - [23/Nov/2015:23:06:28 +0200] "GET /login HTTP/1.1" 302 -
0:0:0:0:0:0:0:1 - - [23/Nov/2015:23:06:29 +0200] "GET /login HTTP/1.1" 302 -
0:0:0:0:0:0:0:1 - - [23/Nov/2015:23:06:29 +0200] "GET /login HTTP/1.1" 302 -
0:0:0:0:0:0:0:1 - - [23/Nov/2015:23:06:29 +0200] "GET /login HTTP/1.1" 302 -
0:0:0:0:0:0:0:1 - - [23/Nov/2015:23:06:29 +0200] "GET /login HTTP/1.1" 302 -
0:0:0:0:0:0:0:1 - - [23/Nov/2015:23:06:29 +0200] "GET /login HTTP/1.1" 302 -
0:0:0:0:0:0:0:1 - - [23/Nov/2015:23:06:29 +0200] "GET /login HTTP/1.1" 302 -
0:0:0:0:0:0:0:1 - - [23/Nov/2015:23:06:32 +0200] "GET /login HTTP/1.1" 302 -
0:0:0:0:0:0:0:1 - - [23/Nov/2015:23:06:32 +0200] "GET /login HTTP/1.1" 302 -
0:0:0:0:0:0:0:1 - - [23/Nov/2015:23:06:32 +0200] "GET /login HTTP/1.1" 302 -
0:0:0:0:0:0:0:1 - - [23/Nov/2015:23:06:32 +0200] "GET /login HTTP/1.1" 302 -
0:0:0:0:0:0:0:1 - - [23/Nov/2015:23:06:32 +0200] "GET /login HTTP/1.1" 302 -
0:0:0:0:0:0:0:1 - - [23/Nov/2015:23:06:32 +0200] "GET /login HTTP/1.1" 302 -
0:0:0:0:0:0:0:1 - - [23/Nov/2015:23:06:32 +0200] "GET /login HTTP/1.1" 302 -
0:0:0:0:0:0:0:1 - - [23/Nov/2015:23:06:32 +0200] "GET /login HTTP/1.1" 302 -
0:0:0:0:0:0:0:1 - - [23/Nov/2015:23:06:32 +0200] "GET /login HTTP/1.1" 302 -
0:0:0:0:0:0:0:1 - - [23/Nov/2015:23:06:32 +0200] "GET /login HTTP/1.1" 302 -
0:0:0:0:0:0:0:1 - - [23/Nov/2015:23:06:32 +0200] "GET /login HTTP/1.1" 302 -
0:0:0:0:0:0:0:1 - - [23/Nov/2015:23:06:32 +0200] "GET /login HTTP/1.1" 302 -
0:0:0:0:0:0:0:1 - - [23/Nov/2015:23:06:32 +0200] "GET /login HTTP/1.1" 302 -
0:0:0:0:0:0:0:1 - - [23/Nov/2015:23:06:32 +0200] "GET /login HTTP/1.1" 302 -
0:0:0:0:0:0:0:1 - - [23/Nov/2015:23:06:32 +0200] "GET /login HTTP/1.1" 302 -
0:0:0:0:0:0:0:1 - - [23/Nov/2015:23:06:32 +0200] "GET /login HTTP/1.1" 302 -
0:0:0:0:0:0:0:1 - - [23/Nov/2015:23:06:32 +0200] "GET /login HTTP/1.1" 302 -
0:0:0:0:0:0:0:1 - - [23/Nov/2015:23:06:32 +0200] "GET /login HTTP/1.1" 302 -
0:0:0:0:0:0:0:1 - - [23/Nov/2015:23:06:32 +0200] "GET /login HTTP/1.1" 302 -
0:0:0:0:0:0:0:1 - - [23/Nov/2015:23:06:32 +0200] "GET /login HTTP/1.1" 302 -
0:0:0:0:0:0:0:1 - - [23/Nov/2015:23:06:32 +0200] "GET /login HTTP/1.1" 302 -
0:0:0:0:0:0:0:1 - - [23/Nov/2015:23:06:36 +0200] "GET /login HTTP/1.1" 302 -
0:0:0:0:0:0:0:1 - - [23/Nov/2015:23:06:36 +0200] "GET /login HTTP/1.1" 302 -
0:0:0:0:0:0:0:1 - - [23/Nov/2015:23:06:36 +0200] "GET /login HTTP/1.1" 302 -
0:0:0:0:0:0:0:1 - - [23/Nov/2015:23:06:36 +0200] "GET /login HTTP/1.1" 302 -
0:0:0:0:0:0:0:1 - - [23/Nov/2015:23:06:36 +0200] "GET /login HTTP/1.1" 302 -
0:0:0:0:0:0:0:1 - - [23/Nov/2015:23:06:36 +0200] "GET /login HTTP/1.1" 302 -
0:0:0:0:0:0:0:1 - - [23/Nov/2015:23:06:36 +0200] "GET /login HTTP/1.1" 302 -
0:0:0:0:0:0:0:1 - - [23/Nov/2015:23:06:36 +0200] "GET /login HTTP/1.1" 302 -
0:0:0:0:0:0:0:1 - - [23/Nov/2015:23:06:36 +0200] "GET /login HTTP/1.1" 302 -
0:0:0:0:0:0:0:1 - - [23/Nov/2015:23:06:36 +0200] "GET /login HTTP/1.1" 302 -
0:0:0:0:0:0:0:1 - - [23/Nov/2015:23:06:36 +0200] "GET /login HTTP/1.1" 302 -
0:0:0:0:0:0:0:1 - - [23/Nov/2015:23:06:36 +0200] "GET /login HTTP/1.1" 302 -
0:0:0:0:0:0:0:1 - - [23/Nov/2015:23:06:36 +0200] "GET /login HTTP/1.1" 302 -
0:0:0:0:0:0:0:1 - - [23/Nov/2015:23:06:36 +0200] "GET /login HTTP/1.1" 302 -
0:0:0:0:0:0:0:1 - - [23/Nov/2015:23:06:36 +0200] "GET /login HTTP/1.1" 302 -
0:0:0:0:0:0:0:1 - - [23/Nov/2015:23:06:36 +0200] "GET /login HTTP/1.1" 302 -
0:0:0:0:0:0:0:1 - - [23/Nov/2015:23:06:36 +0200] "GET /login HTTP/1.1" 302 -
0:0:0:0:0:0:0:1 - - [23/Nov/2015:23:06:36 +0200] "GET /login HTTP/1.1" 302 -
0:0:0:0:0:0:0:1 - - [23/Nov/2015:23:06:36 +0200] "GET /login HTTP/1.1" 302 -
0:0:0:0:0:0:0:1 - - [23/Nov/2015:23:06:36 +0200] "GET /login HTTP/1.1" 302 -
0:0:0:0:0:0:0:1 - - [23/Nov/2015:23:06:36 +0200] "GET /login HTTP/1.1" 302 -
0:0:0:0:0:0:0:1 - - [23/Nov/2015:23:07:35 +0200] "GET /login HTTP/1.1" 200 485
0:0:0:0:0:0:0:1 - - [23/Nov/2015:23:07:39 +0200] "GET / HTTP/1.1" 302 -
0:0:0:0:0:0:0:1 - - [23/Nov/2015:23:07:39 +0200] "GET /login HTTP/1.1" 200 485
0:0:0:0:0:0:0:1 - - [23/Nov/2015:23:07:52 +0200] "POST / HTTP/1.1" 302 -
0:0:0:0:0:0:0:1 - - [23/Nov/2015:23:07:52 +0200] "GET /login HTTP/1.1" 200 485
0:0:0:0:0:0:0:1 - - [23/Nov/2015:23:08:02 +0200] "GET / HTTP/1.1" 302 -
0:0:0:0:0:0:0:1 - - [23/Nov/2015:23:08:02 +0200] "GET /login HTTP/1.1" 200 485
0:0:0:0:0:0:0:1 - - [23/Nov/2015:23:08:23 +0200] "POST / HTTP/1.1" 302 -
0:0:0:0:0:0:0:1 - - [23/Nov/2015:23:08:23 +0200] "GET /login HTTP/1.1" 200 485
0:0:0:0:0:0:0:1 - - [23/Nov/2015:23:08:56 +0200] "POST / HTTP/1.1" 302 -
0:0:0:0:0:0:0:1 - - [23/Nov/2015:23:08:56 +0200] "GET /login HTTP/1.1" 200 485
0:0:0:0:0:0:0:1 - - [23/Nov/2015:23:09:06 +0200] "POST / HTTP/1.1" 302 -
0:0:0:0:0:0:0:1 - - [23/Nov/2015:23:09:06 +0200] "GET /login HTTP/1.1" 200 485
0:0:0:0:0:0:0:1 - - [23/Nov/2015:23:09:47 +0200] "GET / HTTP/1.1" 200 285
0:0:0:0:0:0:0:1 - - [23/Nov/2015:23:09:53 +0200] "POST /logout HTTP/1.1" 302 -
0:0:0:0:0:0:0:1 - - [23/Nov/2015:23:09:53 +0200] "GET /index HTTP/1.1" 200 285
0:0:0:0:0:0:0:1 - - [23/Nov/2015:23:10:03 +0200] "GET / HTTP/1.1" 200 285
0:0:0:0:0:0:0:1 - - [23/Nov/2015:23:10:15 +0200] "GET / HTTP/1.1" 200 285
0:0:0:0:0:0:0:1 - - [23/Nov/2015:23:10:18 +0200] "GET / HTTP/1.1" 200 285
0:0:0:0:0:0:0:1 - - [23/Nov/2015:23:10:26 +0200] "GET / HTTP/1.1" 200 285
0:0:0:0:0:0:0:1 - - [23/Nov/2015:23:10:35 +0200] "GET / HTTP/1.1" 200 285
0:0:0:0:0:0:0:1 - - [23/Nov/2015:23:10:39 +0200] "POST /logout HTTP/1.1" 302 -
0:0:0:0:0:0:0:1 - - [23/Nov/2015:23:10:39 +0200] "GET /index HTTP/1.1" 200 285
0:0:0:0:0:0:0:1 - - [23/Nov/2015:23:10:41 +0200] "POST /logout HTTP/1.1" 302 -
0:0:0:0:0:0:0:1 - - [23/Nov/2015:23:10:41 +0200] "GET /index HTTP/1.1" 200 285
0:0:0:0:0:0:0:1 - - [23/Nov/2015:23:10:54 +0200] "GET / HTTP/1.1" 200 285
0:0:0:0:0:0:0:1 - - [23/Nov/2015:23:11:52 +0200] "GET /index HTTP/1.1" 200 285
0:0:0:0:0:0:0:1 - - [23/Nov/2015:23:11:53 +0200] "GET /index HTTP/1.1" 200 285
0:0:0:0:0:0:0:1 - - [23/Nov/2015:23:11:53 +0200] "GET / HTTP/1.1" 200 285
0:0:0:0:0:0:0:1 - - [23/Nov/2015:23:11:53 +0200] "GET /index HTTP/1.1" 200 285
0:0:0:0:0:0:0:1 - - [23/Nov/2015:23:11:54 +0200] "GET / HTTP/1.1" 200 285
0:0:0:0:0:0:0:1 - - [23/Nov/2015:23:11:59 +0200] "GET / HTTP/1.1" 200 285
0:0:0:0:0:0:0:1 - - [23/Nov/2015:23:12:20 +0200] "GET / HTTP/1.1" 200 285
0:0:0:0:0:0:0:1 - - [23/Nov/2015:23:12:26 +0200] "GET / HTTP/1.1" 200 285
0:0:0:0:0:0:0:1 - - [23/Nov/2015:23:12:36 +0200] "GET / HTTP/1.1" 200 285
0:0:0:0:0:0:0:1 - - [23/Nov/2015:23:13:36 +0200] "GET / HTTP/1.1" 200 285
0:0:0:0:0:0:0:1 - - [23/Nov/2015:23:13:44 +0200] "GET / HTTP/1.1" 200 285
0:0:0:0:0:0:0:1 - - [23/Nov/2015:23:14:04 +0200] "GET / HTTP/1.1" 200 285
0:0:0:0:0:0:0:1 - - [23/Nov/2015:23:14:16 +0200] "GET /hello HTTP/1.1" 302 -
0:0:0:0:0:0:0:1 - - [23/Nov/2015:23:14:16 +0200] "GET /login HTTP/1.1" 200 489
0:0:0:0:0:0:0:1 - - [23/Nov/2015:23:14:21 +0200] "GET / HTTP/1.1" 200 285
0:0:0:0:0:0:0:1 - - [23/Nov/2015:23:14:26 +0200] "GET /hello HTTP/1.1" 302 -
0:0:0:0:0:0:0:1 - - [23/Nov/2015:23:14:26 +0200] "GET /login HTTP/1.1" 200 489
0:0:0:0:0:0:0:1 - - [23/Nov/2015:23:14:32 +0200] "GET / HTTP/1.1" 200 285
0:0:0:0:0:0:0:1 - - [23/Nov/2015:23:14:34 +0200] "GET / HTTP/1.1" 200 285
0:0:0:0:0:0:0:1 - - [23/Nov/2015:23:14:35 +0200] "POST /logout HTTP/1.1" 302 -
0:0:0:0:0:0:0:1 - - [23/Nov/2015:23:14:35 +0200] "GET /index HTTP/1.1" 200 285
0:0:0:0:0:0:0:1 - - [23/Nov/2015:23:14:45 +0200] "GET / HTTP/1.1" 200 285
0:0:0:0:0:0:0:1 - - [23/Nov/2015:23:14:51 +0200] "GET /login HTTP/1.1" 200 489
0:0:0:0:0:0:0:1 - - [23/Nov/2015:23:14:56 +0200] "GET / HTTP/1.1" 200 285
0:0:0:0:0:0:0:1 - - [23/Nov/2015:23:15:01 +0200] "GET /hello HTTP/1.1" 302 -
0:0:0:0:0:0:0:1 - - [23/Nov/2015:23:15:01 +0200] "GET /login HTTP/1.1" 200 489
0:0:0:0:0:0:0:1 - - [23/Nov/2015:23:15:04 +0200] "POST / HTTP/1.1" 302 -
0:0:0:0:0:0:0:1 - - [23/Nov/2015:23:15:05 +0200] "GET /login?error HTTP/1.1" 200 489
0:0:0:0:0:0:0:1 - - [23/Nov/2015:23:15:11 +0200] "GET / HTTP/1.1" 200 285
0:0:0:0:0:0:0:1 - - [23/Nov/2015:23:15:45 +0200] "GET / HTTP/1.1" 200 285
0:0:0:0:0:0:0:1 - - [23/Nov/2015:23:16:58 +0200] "GET / HTTP/1.1" 200 285
0:0:0:0:0:0:0:1 - - [23/Nov/2015:23:17:26 +0200] "GET / HTTP/1.1" 200 285
0:0:0:0:0:0:0:1 - - [23/Nov/2015:23:17:45 +0200] "GET /hello HTTP/1.1" 302 -
0:0:0:0:0:0:0:1 - - [23/Nov/2015:23:17:45 +0200] "GET /login HTTP/1.1" 200 489
0:0:0:0:0:0:0:1 - - [23/Nov/2015:23:17:55 +0200] "POST / HTTP/1.1" 302 -
0:0:0:0:0:0:0:1 - - [23/Nov/2015:23:17:55 +0200] "GET /hello HTTP/1.1" 200 620
0:0:0:0:0:0:0:1 - - [23/Nov/2015:23:17:59 +0200] "GET /hello HTTP/1.1" 200 620
0:0:0:0:0:0:0:1 - - [23/Nov/2015:23:18:07 +0200] "GET /hello HTTP/1.1" 302 -
0:0:0:0:0:0:0:1 - - [23/Nov/2015:23:18:07 +0200] "GET /login HTTP/1.1" 200 489
0:0:0:0:0:0:0:1 - - [23/Nov/2015:23:18:38 +0200] "GET / HTTP/1.1" 302 -
0:0:0:0:0:0:0:1 - - [23/Nov/2015:23:18:39 +0200] "GET /login HTTP/1.1" 200 489
0:0:0:0:0:0:0:1 - - [23/Nov/2015:23:18:44 +0200] "GET /login HTTP/1.1" 200 489
0:0:0:0:0:0:0:1 - - [23/Nov/2015:23:18:49 +0200] "POST / HTTP/1.1" 302 -
0:0:0:0:0:0:0:1 - - [23/Nov/2015:23:18:49 +0200] "GET /login HTTP/1.1" 200 489
0:0:0:0:0:0:0:1 - - [23/Nov/2015:23:19:01 +0200] "POST / HTTP/1.1" 302 -
0:0:0:0:0:0:0:1 - - [23/Nov/2015:23:19:01 +0200] "GET /login HTTP/1.1" 200 489
0:0:0:0:0:0:0:1 - - [23/Nov/2015:23:19:04 +0200] "GET / HTTP/1.1" 302 -
0:0:0:0:0:0:0:1 - - [23/Nov/2015:23:19:04 +0200] "GET /login HTTP/1.1" 200 489
0:0:0:0:0:0:0:1 - - [23/Nov/2015:23:20:28 +0200] "GET / HTTP/1.1" 302 -
0:0:0:0:0:0:0:1 - - [23/Nov/2015:23:20:29 +0200] "GET /login HTTP/1.1" 200 489
0:0:0:0:0:0:0:1 - - [23/Nov/2015:23:20:32 +0200] "POST / HTTP/1.1" 302 -
0:0:0:0:0:0:0:1 - - [23/Nov/2015:23:20:32 +0200] "GET /login HTTP/1.1" 200 489
0:0:0:0:0:0:0:1 - - [23/Nov/2015:23:22:09 +0200] "GET / HTTP/1.1" 302 -
0:0:0:0:0:0:0:1 - - [23/Nov/2015:23:22:10 +0200] "GET /login HTTP/1.1" 200 494
0:0:0:0:0:0:0:1 - - [23/Nov/2015:23:22:14 +0200] "POST /login HTTP/1.1" 302 -
0:0:0:0:0:0:0:1 - - [23/Nov/2015:23:22:14 +0200] "GET / HTTP/1.1" 200 285
0:0:0:0:0:0:0:1 - - [23/Nov/2015:23:22:48 +0200] "GET / HTTP/1.1" 200 285
0:0:0:0:0:0:0:1 - - [23/Nov/2015:23:22:53 +0200] "POST /logout HTTP/1.1" 302 -
0:0:0:0:0:0:0:1 - - [23/Nov/2015:23:22:53 +0200] "GET /login?logout HTTP/1.1" 200 494
0:0:0:0:0:0:0:1 - - [23/Nov/2015:23:22:59 +0200] "GET / HTTP/1.1" 302 -
0:0:0:0:0:0:0:1 - - [23/Nov/2015:23:22:59 +0200] "GET /login HTTP/1.1" 200 494
0:0:0:0:0:0:0:1 - - [23/Nov/2015:23:23:04 +0200] "GET /hello HTTP/1.1" 302 -
0:0:0:0:0:0:0:1 - - [23/Nov/2015:23:23:04 +0200] "GET /login HTTP/1.1" 200 494
0:0:0:0:0:0:0:1 - - [23/Nov/2015:23:23:05 +0200] "GET /hello HTTP/1.1" 302 -
0:0:0:0:0:0:0:1 - - [23/Nov/2015:23:23:05 +0200] "GET /login HTTP/1.1" 200 494
0:0:0:0:0:0:0:1 - - [23/Nov/2015:23:23:12 +0200] "POST /login HTTP/1.1" 302 -
0:0:0:0:0:0:0:1 - - [23/Nov/2015:23:23:12 +0200] "GET /hello HTTP/1.1" 200 620
0:0:0:0:0:0:0:1 - - [23/Nov/2015:23:44:18 +0200] "GET /hello HTTP/1.1" 200 620
0:0:0:0:0:0:0:1 - - [23/Nov/2015:23:44:22 +0200] "GET / HTTP/1.1" 200 285
0:0:0:0:0:0:0:1 - - [23/Nov/2015:23:44:24 +0200] "POST /logout HTTP/1.1" 302 -
0:0:0:0:0:0:0:1 - - [23/Nov/2015:23:44:24 +0200] "GET /login?logout HTTP/1.1" 200 494
0:0:0:0:0:0:0:1 - - [23/Nov/2015:23:44:29 +0200] "GET / HTTP/1.1" 302 -
0:0:0:0:0:0:0:1 - - [23/Nov/2015:23:44:29 +0200] "GET /login HTTP/1.1" 200 494
