0:0:0:0:0:0:0:1 - - [25/Oct/2015:22:17:41 +0200] "GET / HTTP/1.1" 500 270
0:0:0:0:0:0:0:1 - - [25/Oct/2015:22:30:58 +0200] "GET / HTTP/1.1" 200 164
0:0:0:0:0:0:0:1 - - [25/Oct/2015:22:30:59 +0200] "GET /con HTTP/1.1" 200 211
0:0:0:0:0:0:0:1 - - [25/Oct/2015:22:31:00 +0200] "GET /css HTTP/1.1" 404 200
0:0:0:0:0:0:0:1 - - [25/Oct/2015:22:31:03 +0200] "GET /css HTTP/1.1" 404 200
0:0:0:0:0:0:0:1 - - [25/Oct/2015:22:31:03 +0200] "GET / HTTP/1.1" 200 164
0:0:0:0:0:0:0:1 - - [25/Oct/2015:22:31:09 +0200] "GET /facori.ico HTTP/1.1" 404 200
0:0:0:0:0:0:0:1 - - [25/Oct/2015:22:31:26 +0200] "GET /favicon.ico HTTP/1.1" 404 200
0:0:0:0:0:0:0:1 - - [25/Oct/2015:22:32:43 +0200] "GET /favicon.ico HTTP/1.1" 404 200
0:0:0:0:0:0:0:1 - - [25/Oct/2015:22:32:44 +0200] "GET /form.html HTTP/1.1" 404 200
0:0:0:0:0:0:0:1 - - [25/Oct/2015:22:32:44 +0200] "GET / HTTP/1.1" 200 164
0:0:0:0:0:0:0:1 - - [25/Oct/2015:22:32:45 +0200] "GET /css HTTP/1.1" 404 200
0:0:0:0:0:0:0:1 - - [25/Oct/2015:22:32:45 +0200] "GET /css HTTP/1.1" 404 200
0:0:0:0:0:0:0:1 - - [25/Oct/2015:22:32:51 +0200] "GET /css/okan.css HTTP/1.1" 404 200
0:0:0:0:0:0:0:1 - - [25/Oct/2015:22:37:59 +0200] "GET /css/okan.css HTTP/1.1" 404 200
0:0:0:0:0:0:0:1 - - [25/Oct/2015:22:37:59 +0200] "GET /css HTTP/1.1" 404 200
0:0:0:0:0:0:0:1 - - [25/Oct/2015:22:38:00 +0200] "GET / HTTP/1.1" 200 164
0:0:0:0:0:0:0:1 - - [25/Oct/2015:22:38:00 +0200] "GET / HTTP/1.1" 200 164
0:0:0:0:0:0:0:1 - - [25/Oct/2015:22:38:08 +0200] "GET / HTTP/1.1" 200 164
0:0:0:0:0:0:0:1 - - [25/Oct/2015:22:38:09 +0200] "GET /favicon.ico HTTP/1.1" 404 126
0:0:0:0:0:0:0:1 - - [25/Oct/2015:22:38:13 +0200] "GET / HTTP/1.1" 200 164
0:0:0:0:0:0:0:1 - - [25/Oct/2015:22:38:19 +0200] "GET / HTTP/1.1" 200 164
0:0:0:0:0:0:0:1 - - [25/Oct/2015:22:39:15 +0200] "GET / HTTP/1.1" 200 164
