2015-11-22 18:38:26.466  INFO 2227 --- [main] web.MainApplication                      : Starting MainApplication v1.0-SNAPSHOT on Semihs-MacBook-Air.local with PID 2227 (/Users/semihokan/springboot/web/target/web-test-1.0-SNAPSHOT.jar started by semihokan in /Users/semihokan/springboot/web/target)
2015-11-22 18:38:26.558  INFO 2227 --- [main] ationConfigEmbeddedWebApplicationContext : Refreshing org.springframework.boot.context.embedded.AnnotationConfigEmbeddedWebApplicationContext@5849088b: startup date [Sun Nov 22 18:38:26 EET 2015]; root of context hierarchy
2015-11-22 18:38:29.945  INFO 2227 --- [main] trationDelegate$BeanPostProcessorChecker : Bean 'org.springframework.transaction.annotation.ProxyTransactionManagementConfiguration' of type [class org.springframework.transaction.annotation.ProxyTransactionManagementConfiguration$$EnhancerBySpringCGLIB$$8788ecb5] is not eligible for getting processed by all BeanPostProcessors (for example: not eligible for auto-proxying)
2015-11-22 18:38:29.983  INFO 2227 --- [main] trationDelegate$BeanPostProcessorChecker : Bean 'transactionAttributeSource' of type [class org.springframework.transaction.annotation.AnnotationTransactionAttributeSource] is not eligible for getting processed by all BeanPostProcessors (for example: not eligible for auto-proxying)
2015-11-22 18:38:30.003  INFO 2227 --- [main] trationDelegate$BeanPostProcessorChecker : Bean 'transactionInterceptor' of type [class org.springframework.transaction.interceptor.TransactionInterceptor] is not eligible for getting processed by all BeanPostProcessors (for example: not eligible for auto-proxying)
2015-11-22 18:38:30.013  INFO 2227 --- [main] trationDelegate$BeanPostProcessorChecker : Bean 'org.springframework.transaction.config.internalTransactionAdvisor' of type [class org.springframework.transaction.interceptor.BeanFactoryTransactionAttributeSourceAdvisor] is not eligible for getting processed by all BeanPostProcessors (for example: not eligible for auto-proxying)
2015-11-22 18:38:30.075  INFO 2227 --- [main] trationDelegate$BeanPostProcessorChecker : Bean 'org.springframework.security.config.annotation.configuration.ObjectPostProcessorConfiguration' of type [class org.springframework.security.config.annotation.configuration.ObjectPostProcessorConfiguration$$EnhancerBySpringCGLIB$$b0aa35af] is not eligible for getting processed by all BeanPostProcessors (for example: not eligible for auto-proxying)
2015-11-22 18:38:30.095  INFO 2227 --- [main] trationDelegate$BeanPostProcessorChecker : Bean 'objectPostProcessor' of type [class org.springframework.security.config.annotation.configuration.AutowireBeanFactoryObjectPostProcessor] is not eligible for getting processed by all BeanPostProcessors (for example: not eligible for auto-proxying)
2015-11-22 18:38:30.100  INFO 2227 --- [main] trationDelegate$BeanPostProcessorChecker : Bean 'org.springframework.security.access.expression.method.DefaultMethodSecurityExpressionHandler@50b697b1' of type [class org.springframework.security.access.expression.method.DefaultMethodSecurityExpressionHandler] is not eligible for getting processed by all BeanPostProcessors (for example: not eligible for auto-proxying)
2015-11-22 18:38:30.107  INFO 2227 --- [main] trationDelegate$BeanPostProcessorChecker : Bean 'org.springframework.security.config.annotation.method.configuration.GlobalMethodSecurityConfiguration' of type [class org.springframework.security.config.annotation.method.configuration.GlobalMethodSecurityConfiguration$$EnhancerBySpringCGLIB$$63886a21] is not eligible for getting processed by all BeanPostProcessors (for example: not eligible for auto-proxying)
2015-11-22 18:38:30.130  INFO 2227 --- [main] trationDelegate$BeanPostProcessorChecker : Bean 'methodSecurityMetadataSource' of type [class org.springframework.security.access.method.DelegatingMethodSecurityMetadataSource] is not eligible for getting processed by all BeanPostProcessors (for example: not eligible for auto-proxying)
2015-11-22 18:38:30.136  INFO 2227 --- [main] trationDelegate$BeanPostProcessorChecker : Bean 'metaDataSourceAdvisor' of type [class org.springframework.security.access.intercept.aopalliance.MethodSecurityMetadataSourceAdvisor] is not eligible for getting processed by all BeanPostProcessors (for example: not eligible for auto-proxying)
2015-11-22 18:38:30.890  INFO 2227 --- [main] s.b.c.e.t.TomcatEmbeddedServletContainer : Tomcat initialized with port(s): 8080 (http)
2015-11-22 18:38:31.342  INFO 2227 --- [main] o.apache.catalina.core.StandardService   : Starting service Tomcat
2015-11-22 18:38:31.345  INFO 2227 --- [main] org.apache.catalina.core.StandardEngine  : Starting Servlet Engine: Apache Tomcat/8.0.26
2015-11-22 18:38:31.549  INFO 2227 --- [localhost-startStop-1] o.a.c.c.C.[Tomcat].[localhost].[/]       : Initializing Spring embedded WebApplicationContext
2015-11-22 18:38:31.550  INFO 2227 --- [localhost-startStop-1] o.s.web.context.ContextLoader            : Root WebApplicationContext: initialization completed in 4994 ms
2015-11-22 18:38:32.419  INFO 2227 --- [localhost-startStop-1] b.a.s.AuthenticationManagerConfiguration : 

Using default security password: f8378981-7159-40cb-8068-75f2801a9d04

2015-11-22 18:38:32.493  INFO 2227 --- [localhost-startStop-1] o.s.s.web.DefaultSecurityFilterChain     : Creating filter chain: Ant [pattern='/css/**'], []
2015-11-22 18:38:32.494  INFO 2227 --- [localhost-startStop-1] o.s.s.web.DefaultSecurityFilterChain     : Creating filter chain: Ant [pattern='/js/**'], []
2015-11-22 18:38:32.494  INFO 2227 --- [localhost-startStop-1] o.s.s.web.DefaultSecurityFilterChain     : Creating filter chain: Ant [pattern='/images/**'], []
2015-11-22 18:38:32.495  INFO 2227 --- [localhost-startStop-1] o.s.s.web.DefaultSecurityFilterChain     : Creating filter chain: Ant [pattern='/**/favicon.ico'], []
2015-11-22 18:38:32.495  INFO 2227 --- [localhost-startStop-1] o.s.s.web.DefaultSecurityFilterChain     : Creating filter chain: Ant [pattern='/error'], []
2015-11-22 18:38:32.567  INFO 2227 --- [localhost-startStop-1] o.s.s.web.DefaultSecurityFilterChain     : Creating filter chain: org.springframework.boot.autoconfigure.security.SpringBootWebSecurityConfiguration$ApplicationNoWebSecurityConfigurerAdapter$1@570ec728, [org.springframework.security.web.context.request.async.WebAsyncManagerIntegrationFilter@78d6bed8, org.springframework.security.web.context.SecurityContextPersistenceFilter@7c149eef, org.springframework.security.web.header.HeaderWriterFilter@29bbafb6, org.springframework.security.web.csrf.CsrfFilter@1d7dd17d, org.springframework.security.web.authentication.logout.LogoutFilter@574e6e35, org.springframework.security.web.savedrequest.RequestCacheAwareFilter@2078389a, org.springframework.security.web.servletapi.SecurityContextHolderAwareRequestFilter@b9f7204, org.springframework.security.web.authentication.AnonymousAuthenticationFilter@5c4d4831, org.springframework.security.web.session.SessionManagementFilter@74a727f6, org.springframework.security.web.access.ExceptionTranslationFilter@4db395e2]
2015-11-22 18:38:32.729  INFO 2227 --- [localhost-startStop-1] o.s.b.c.embedded.FilterRegistrationBean  : Mapping filter: 'characterEncodingFilter' to: [/*]
2015-11-22 18:38:32.730  INFO 2227 --- [localhost-startStop-1] o.s.b.c.embedded.FilterRegistrationBean  : Mapping filter: 'springSecurityFilterChain' to: [/*]
2015-11-22 18:38:32.731  INFO 2227 --- [localhost-startStop-1] o.s.b.c.e.ServletRegistrationBean        : Mapping servlet: 'dispatcherServlet' to [/]
2015-11-22 18:38:33.573  INFO 2227 --- [main] j.LocalContainerEntityManagerFactoryBean : Building JPA container EntityManagerFactory for persistence unit 'default'
2015-11-22 18:38:33.587  INFO 2227 --- [main] o.hibernate.jpa.internal.util.LogHelper  : HHH000204: Processing PersistenceUnitInfo [
	name: default
	...]
2015-11-22 18:38:33.716  INFO 2227 --- [main] org.hibernate.Version                    : HHH000412: Hibernate Core {4.3.11.Final}
2015-11-22 18:38:33.722  INFO 2227 --- [main] org.hibernate.cfg.Environment            : HHH000206: hibernate.properties not found
2015-11-22 18:38:33.725  INFO 2227 --- [main] org.hibernate.cfg.Environment            : HHH000021: Bytecode provider name : javassist
2015-11-22 18:38:34.217  INFO 2227 --- [main] o.hibernate.annotations.common.Version   : HCANN000001: Hibernate Commons Annotations {4.0.5.Final}
2015-11-22 18:38:34.328  INFO 2227 --- [main] org.hibernate.dialect.Dialect            : HHH000400: Using dialect: org.hibernate.dialect.HSQLDialect
2015-11-22 18:38:34.411  INFO 2227 --- [main] o.h.h.i.ast.ASTQueryTranslatorFactory    : HHH000397: Using ASTQueryTranslatorFactory
2015-11-22 18:38:34.600  INFO 2227 --- [main] org.hibernate.tool.hbm2ddl.SchemaExport  : HHH000227: Running hbm2ddl schema export
2015-11-22 18:38:34.605  INFO 2227 --- [main] org.hibernate.tool.hbm2ddl.SchemaExport  : HHH000230: Schema export complete
2015-11-22 18:38:35.109  INFO 2227 --- [main] s.w.s.m.m.a.RequestMappingHandlerMapping : Mapped "{[/show],methods=[POST]}" onto public java.lang.String web.HelloController.show(web.Student)
2015-11-22 18:38:35.110  INFO 2227 --- [main] s.w.s.m.m.a.RequestMappingHandlerMapping : Mapped "{[/hello]}" onto public java.lang.String web.HelloController.hello(org.springframework.ui.ModelMap)
2015-11-22 18:38:35.110  INFO 2227 --- [main] s.w.s.m.m.a.RequestMappingHandlerMapping : Mapped "{[/con]}" onto public java.lang.String web.HelloController.con()
2015-11-22 18:38:35.110  INFO 2227 --- [main] s.w.s.m.m.a.RequestMappingHandlerMapping : Mapped "{[/json]}" onto public java.lang.String web.HelloController.json(web.Student)
2015-11-22 18:38:35.110  INFO 2227 --- [main] s.w.s.m.m.a.RequestMappingHandlerMapping : Mapped "{[/]}" onto public java.lang.String web.HelloController.home(org.springframework.ui.ModelMap)
2015-11-22 18:38:35.113  INFO 2227 --- [main] s.w.s.m.m.a.RequestMappingHandlerMapping : Mapped "{[/error]}" onto public org.springframework.http.ResponseEntity<java.util.Map<java.lang.String, java.lang.Object>> org.springframework.boot.autoconfigure.web.BasicErrorController.error(javax.servlet.http.HttpServletRequest)
2015-11-22 18:38:35.113  INFO 2227 --- [main] s.w.s.m.m.a.RequestMappingHandlerMapping : Mapped "{[/error],produces=[text/html]}" onto public org.springframework.web.servlet.ModelAndView org.springframework.boot.autoconfigure.web.BasicErrorController.errorHtml(javax.servlet.http.HttpServletRequest)
2015-11-22 18:38:35.170  INFO 2227 --- [main] o.s.w.s.handler.SimpleUrlHandlerMapping  : Mapped URL path [/css/**] onto handler of type [class org.springframework.web.servlet.resource.ResourceHttpRequestHandler]
2015-11-22 18:38:35.763  INFO 2227 --- [main] s.w.s.m.m.a.RequestMappingHandlerAdapter : Looking for @ControllerAdvice: org.springframework.boot.context.embedded.AnnotationConfigEmbeddedWebApplicationContext@5849088b: startup date [Sun Nov 22 18:38:26 EET 2015]; root of context hierarchy
2015-11-22 18:38:36.723  INFO 2227 --- [main] o.s.j.e.a.AnnotationMBeanExporter        : Registering beans for JMX exposure on startup
2015-11-22 18:38:36.863  INFO 2227 --- [main] s.b.c.e.t.TomcatEmbeddedServletContainer : Tomcat started on port(s): 8080 (http)
2015-11-22 18:38:36.866  INFO 2227 --- [main] web.MainApplication                      : Started MainApplication in 10.86 seconds (JVM running for 11.587)
2015-11-22 18:40:00.319  INFO 2227 --- [Thread-2] ationConfigEmbeddedWebApplicationContext : Closing org.springframework.boot.context.embedded.AnnotationConfigEmbeddedWebApplicationContext@5849088b: startup date [Sun Nov 22 18:38:26 EET 2015]; root of context hierarchy
2015-11-22 18:40:00.348  INFO 2227 --- [Thread-2] o.s.j.e.a.AnnotationMBeanExporter        : Unregistering JMX-exposed beans on shutdown
2015-11-22 18:40:00.352  INFO 2227 --- [Thread-2] j.LocalContainerEntityManagerFactoryBean : Closing JPA EntityManagerFactory for persistence unit 'default'
2015-11-22 18:40:00.354  INFO 2227 --- [Thread-2] org.hibernate.tool.hbm2ddl.SchemaExport  : HHH000227: Running hbm2ddl schema export
2015-11-22 18:40:00.362  INFO 2227 --- [Thread-2] org.hibernate.tool.hbm2ddl.SchemaExport  : HHH000230: Schema export complete
