0:0:0:0:0:0:0:1 - - [22/Nov/2015:18:34:49 +0200] "GET / HTTP/1.1" 200 164
0:0:0:0:0:0:0:1 - - [22/Nov/2015:18:34:56 +0200] "GET /css HTTP/1.1" 404 200
0:0:0:0:0:0:0:1 - - [22/Nov/2015:18:43:31 +0200] "GET / HTTP/1.1" 302 -
0:0:0:0:0:0:0:1 - - [22/Nov/2015:18:43:31 +0200] "GET /login HTTP/1.1" 200 550
0:0:0:0:0:0:0:1 - - [22/Nov/2015:18:43:45 +0200] "POST /login HTTP/1.1" 403 200
0:0:0:0:0:0:0:1 - - [22/Nov/2015:18:43:47 +0200] "GET /login HTTP/1.1" 200 550
0:0:0:0:0:0:0:1 - - [22/Nov/2015:18:43:50 +0200] "GET /login HTTP/1.1" 200 550
0:0:0:0:0:0:0:1 - - [22/Nov/2015:18:44:04 +0200] "POST /login HTTP/1.1" 403 200
0:0:0:0:0:0:0:1 - - [22/Nov/2015:18:44:06 +0200] "GET /login HTTP/1.1" 200 550
0:0:0:0:0:0:0:1 - - [22/Nov/2015:18:44:12 +0200] "POST /login HTTP/1.1" 403 200
0:0:0:0:0:0:0:1 - - [22/Nov/2015:18:44:13 +0200] "GET /login HTTP/1.1" 200 550
0:0:0:0:0:0:0:1 - - [22/Nov/2015:18:44:23 +0200] "GET / HTTP/1.1" 302 -
0:0:0:0:0:0:0:1 - - [22/Nov/2015:18:44:23 +0200] "GET /login HTTP/1.1" 200 550
0:0:0:0:0:0:0:1 - - [22/Nov/2015:18:44:27 +0200] "POST /login HTTP/1.1" 302 -
0:0:0:0:0:0:0:1 - - [22/Nov/2015:18:44:28 +0200] "GET / HTTP/1.1" 200 164
0:0:0:0:0:0:0:1 - - [22/Nov/2015:18:44:41 +0200] "GET /login HTTP/1.1" 200 550
0:0:0:0:0:0:0:1 - - [22/Nov/2015:18:44:41 +0200] "GET / HTTP/1.1" 200 164
0:0:0:0:0:0:0:1 - - [22/Nov/2015:18:44:41 +0200] "GET / HTTP/1.1" 200 164
0:0:0:0:0:0:0:1 - - [22/Nov/2015:18:46:22 +0200] "POST /login HTTP/1.1" 403 200
0:0:0:0:0:0:0:1 - - [22/Nov/2015:18:46:26 +0200] "GET /login HTTP/1.1" 200 550
0:0:0:0:0:0:0:1 - - [22/Nov/2015:18:46:31 +0200] "GET / HTTP/1.1" 302 -
0:0:0:0:0:0:0:1 - - [22/Nov/2015:18:46:31 +0200] "GET /login HTTP/1.1" 200 550
0:0:0:0:0:0:0:1 - - [22/Nov/2015:18:46:40 +0200] "GET / HTTP/1.1" 302 -
0:0:0:0:0:0:0:1 - - [22/Nov/2015:18:46:40 +0200] "GET /login HTTP/1.1" 200 550
0:0:0:0:0:0:0:1 - - [22/Nov/2015:18:46:48 +0200] "POST /login HTTP/1.1" 403 200
0:0:0:0:0:0:0:1 - - [22/Nov/2015:18:46:52 +0200] "GET /login HTTP/1.1" 200 550
0:0:0:0:0:0:0:1 - - [22/Nov/2015:18:47:01 +0200] "POST /login HTTP/1.1" 403 200
0:0:0:0:0:0:0:1 - - [22/Nov/2015:18:47:02 +0200] "GET /login HTTP/1.1" 200 550
0:0:0:0:0:0:0:1 - - [22/Nov/2015:18:47:05 +0200] "POST /login HTTP/1.1" 403 200
0:0:0:0:0:0:0:1 - - [22/Nov/2015:18:47:06 +0200] "GET /login HTTP/1.1" 200 550
0:0:0:0:0:0:0:1 - - [22/Nov/2015:18:47:35 +0200] "GET /login HTTP/1.1" 200 550
0:0:0:0:0:0:0:1 - - [22/Nov/2015:18:47:39 +0200] "POST /login HTTP/1.1" 403 200
0:0:0:0:0:0:0:1 - - [22/Nov/2015:18:47:45 +0200] "GET /login HTTP/1.1" 200 550
0:0:0:0:0:0:0:1 - - [22/Nov/2015:18:48:30 +0200] "POST /login HTTP/1.1" 403 200
0:0:0:0:0:0:0:1 - - [22/Nov/2015:18:48:48 +0200] "GET / HTTP/1.1" 302 -
0:0:0:0:0:0:0:1 - - [22/Nov/2015:18:48:48 +0200] "GET /login HTTP/1.1" 200 550
0:0:0:0:0:0:0:1 - - [22/Nov/2015:18:52:18 +0200] "GET / HTTP/1.1" 200 164
0:0:0:0:0:0:0:1 - - [22/Nov/2015:18:52:41 +0200] "GET / HTTP/1.1" 200 164
0:0:0:0:0:0:0:1 - - [22/Nov/2015:18:52:42 +0200] "GET / HTTP/1.1" 200 164
0:0:0:0:0:0:0:1 - - [22/Nov/2015:18:53:00 +0200] "GET / HTTP/1.1" 302 -
0:0:0:0:0:0:0:1 - - [22/Nov/2015:18:53:00 +0200] "GET /login HTTP/1.1" 200 550
0:0:0:0:0:0:0:1 - - [22/Nov/2015:18:53:21 +0200] "POST /login HTTP/1.1" 302 -
0:0:0:0:0:0:0:1 - - [22/Nov/2015:18:53:21 +0200] "GET / HTTP/1.1" 200 164
0:0:0:0:0:0:0:1 - - [22/Nov/2015:19:07:30 +0200] "GET / HTTP/1.1" 200 164
0:0:0:0:0:0:0:1 - - [22/Nov/2015:19:07:35 +0200] "GET / HTTP/1.1" 200 164
0:0:0:0:0:0:0:1 - - [22/Nov/2015:19:09:14 +0200] "GET / HTTP/1.1" 302 -
0:0:0:0:0:0:0:1 - - [22/Nov/2015:19:09:14 +0200] "GET /login HTTP/1.1" 200 550
0:0:0:0:0:0:0:1 - - [22/Nov/2015:19:09:20 +0200] "POST /login HTTP/1.1" 302 -
0:0:0:0:0:0:0:1 - - [22/Nov/2015:19:09:20 +0200] "GET /login?error HTTP/1.1" 200 664
0:0:0:0:0:0:0:1 - - [22/Nov/2015:19:09:44 +0200] "POST /login HTTP/1.1" 302 -
0:0:0:0:0:0:0:1 - - [22/Nov/2015:19:09:44 +0200] "GET / HTTP/1.1" 200 164
0:0:0:0:0:0:0:1 - - [22/Nov/2015:19:10:44 +0200] "-" 400 -
0:0:0:0:0:0:0:1 - - [22/Nov/2015:19:10:44 +0200] "-" 400 -
0:0:0:0:0:0:0:1 - - [22/Nov/2015:19:10:44 +0200] "-" 400 -
0:0:0:0:0:0:0:1 - - [22/Nov/2015:19:10:50 +0200] "GET / HTTP/1.1" 200 164
0:0:0:0:0:0:0:1 - - [22/Nov/2015:19:11:12 +0200] "GET / HTTP/1.1" 302 -
0:0:0:0:0:0:0:1 - - [22/Nov/2015:19:11:12 +0200] "GET /login HTTP/1.1" 200 550
0:0:0:0:0:0:0:1 - - [22/Nov/2015:19:11:15 +0200] "POST /login HTTP/1.1" 403 200
0:0:0:0:0:0:0:1 - - [22/Nov/2015:19:11:20 +0200] "GET /login HTTP/1.1" 200 550
0:0:0:0:0:0:0:1 - - [22/Nov/2015:19:12:11 +0200] "GET / HTTP/1.1" 302 -
0:0:0:0:0:0:0:1 - - [22/Nov/2015:19:12:11 +0200] "GET /login HTTP/1.1" 200 550
0:0:0:0:0:0:0:1 - - [22/Nov/2015:23:19:38 +0200] "GET / HTTP/1.1" 302 -
0:0:0:0:0:0:0:1 - - [22/Nov/2015:23:19:38 +0200] "GET /login HTTP/1.1" 200 550
0:0:0:0:0:0:0:1 - - [22/Nov/2015:23:19:44 +0200] "POST /login HTTP/1.1" 302 -
0:0:0:0:0:0:0:1 - - [22/Nov/2015:23:19:44 +0200] "GET / HTTP/1.1" 200 164
0:0:0:0:0:0:0:1 - - [22/Nov/2015:23:19:51 +0200] "GET / HTTP/1.1" 200 164
0:0:0:0:0:0:0:1 - - [22/Nov/2015:23:23:10 +0200] "GET / HTTP/1.1" 302 -
0:0:0:0:0:0:0:1 - - [22/Nov/2015:23:23:10 +0200] "GET /login HTTP/1.1" 200 550
0:0:0:0:0:0:0:1 - - [22/Nov/2015:23:23:19 +0200] "POST /login HTTP/1.1" 302 -
0:0:0:0:0:0:0:1 - - [22/Nov/2015:23:23:19 +0200] "GET / HTTP/1.1" 200 164
