2015-11-22 18:29:36.833  INFO 2110 --- [main] web.MainApplication                      : Starting MainApplication v1.0-SNAPSHOT on Semihs-MacBook-Air.local with PID 2110 (/Users/semihokan/springboot/web/target/web-test-1.0-SNAPSHOT.jar started by semihokan in /Users/semihokan/springboot/web)
2015-11-22 18:29:36.924  INFO 2110 --- [main] ationConfigEmbeddedWebApplicationContext : Refreshing org.springframework.boot.context.embedded.AnnotationConfigEmbeddedWebApplicationContext@29002e91: startup date [Sun Nov 22 18:29:36 EET 2015]; root of context hierarchy
2015-11-22 18:29:41.010  INFO 2110 --- [main] trationDelegate$BeanPostProcessorChecker : Bean 'org.springframework.transaction.annotation.ProxyTransactionManagementConfiguration' of type [class org.springframework.transaction.annotation.ProxyTransactionManagementConfiguration$$EnhancerBySpringCGLIB$$9bbd38ad] is not eligible for getting processed by all BeanPostProcessors (for example: not eligible for auto-proxying)
2015-11-22 18:29:41.086  INFO 2110 --- [main] trationDelegate$BeanPostProcessorChecker : Bean 'transactionAttributeSource' of type [class org.springframework.transaction.annotation.AnnotationTransactionAttributeSource] is not eligible for getting processed by all BeanPostProcessors (for example: not eligible for auto-proxying)
2015-11-22 18:29:41.112  INFO 2110 --- [main] trationDelegate$BeanPostProcessorChecker : Bean 'transactionInterceptor' of type [class org.springframework.transaction.interceptor.TransactionInterceptor] is not eligible for getting processed by all BeanPostProcessors (for example: not eligible for auto-proxying)
2015-11-22 18:29:41.129  INFO 2110 --- [main] trationDelegate$BeanPostProcessorChecker : Bean 'org.springframework.transaction.config.internalTransactionAdvisor' of type [class org.springframework.transaction.interceptor.BeanFactoryTransactionAttributeSourceAdvisor] is not eligible for getting processed by all BeanPostProcessors (for example: not eligible for auto-proxying)
2015-11-22 18:29:41.224  INFO 2110 --- [main] trationDelegate$BeanPostProcessorChecker : Bean 'org.springframework.security.config.annotation.configuration.ObjectPostProcessorConfiguration' of type [class org.springframework.security.config.annotation.configuration.ObjectPostProcessorConfiguration$$EnhancerBySpringCGLIB$$c4de81a7] is not eligible for getting processed by all BeanPostProcessors (for example: not eligible for auto-proxying)
2015-11-22 18:29:41.263  INFO 2110 --- [main] trationDelegate$BeanPostProcessorChecker : Bean 'objectPostProcessor' of type [class org.springframework.security.config.annotation.configuration.AutowireBeanFactoryObjectPostProcessor] is not eligible for getting processed by all BeanPostProcessors (for example: not eligible for auto-proxying)
2015-11-22 18:29:41.273  INFO 2110 --- [main] trationDelegate$BeanPostProcessorChecker : Bean 'org.springframework.security.access.expression.method.DefaultMethodSecurityExpressionHandler@1fb0c5bc' of type [class org.springframework.security.access.expression.method.DefaultMethodSecurityExpressionHandler] is not eligible for getting processed by all BeanPostProcessors (for example: not eligible for auto-proxying)
2015-11-22 18:29:41.301  INFO 2110 --- [main] trationDelegate$BeanPostProcessorChecker : Bean 'org.springframework.security.config.annotation.method.configuration.GlobalMethodSecurityConfiguration' of type [class org.springframework.security.config.annotation.method.configuration.GlobalMethodSecurityConfiguration$$EnhancerBySpringCGLIB$$77bcb619] is not eligible for getting processed by all BeanPostProcessors (for example: not eligible for auto-proxying)
2015-11-22 18:29:41.407  INFO 2110 --- [main] trationDelegate$BeanPostProcessorChecker : Bean 'methodSecurityMetadataSource' of type [class org.springframework.security.access.method.DelegatingMethodSecurityMetadataSource] is not eligible for getting processed by all BeanPostProcessors (for example: not eligible for auto-proxying)
2015-11-22 18:29:41.425  INFO 2110 --- [main] trationDelegate$BeanPostProcessorChecker : Bean 'metaDataSourceAdvisor' of type [class org.springframework.security.access.intercept.aopalliance.MethodSecurityMetadataSourceAdvisor] is not eligible for getting processed by all BeanPostProcessors (for example: not eligible for auto-proxying)
2015-11-22 18:29:43.162  INFO 2110 --- [main] s.b.c.e.t.TomcatEmbeddedServletContainer : Tomcat initialized with port(s): 8080 (http)
2015-11-22 18:29:43.895  INFO 2110 --- [main] o.apache.catalina.core.StandardService   : Starting service Tomcat
2015-11-22 18:29:43.900  INFO 2110 --- [main] org.apache.catalina.core.StandardEngine  : Starting Servlet Engine: Apache Tomcat/8.0.26
2015-11-22 18:29:44.182  INFO 2110 --- [localhost-startStop-1] o.a.c.c.C.[Tomcat].[localhost].[/]       : Initializing Spring embedded WebApplicationContext
2015-11-22 18:29:44.182  INFO 2110 --- [localhost-startStop-1] o.s.web.context.ContextLoader            : Root WebApplicationContext: initialization completed in 7261 ms
2015-11-22 18:29:45.419  INFO 2110 --- [localhost-startStop-1] b.a.s.AuthenticationManagerConfiguration : 

Using default security password: 8a1b7425-47e7-4686-a1ce-4ab83dc44ec9

2015-11-22 18:29:45.660  INFO 2110 --- [localhost-startStop-1] o.s.s.web.DefaultSecurityFilterChain     : Creating filter chain: Ant [pattern='/css/**'], []
2015-11-22 18:29:45.661  INFO 2110 --- [localhost-startStop-1] o.s.s.web.DefaultSecurityFilterChain     : Creating filter chain: Ant [pattern='/js/**'], []
2015-11-22 18:29:45.662  INFO 2110 --- [localhost-startStop-1] o.s.s.web.DefaultSecurityFilterChain     : Creating filter chain: Ant [pattern='/images/**'], []
2015-11-22 18:29:45.665  INFO 2110 --- [localhost-startStop-1] o.s.s.web.DefaultSecurityFilterChain     : Creating filter chain: Ant [pattern='/**/favicon.ico'], []
2015-11-22 18:29:45.666  INFO 2110 --- [localhost-startStop-1] o.s.s.web.DefaultSecurityFilterChain     : Creating filter chain: Ant [pattern='/error'], []
2015-11-22 18:29:45.799  INFO 2110 --- [localhost-startStop-1] o.s.s.web.DefaultSecurityFilterChain     : Creating filter chain: org.springframework.boot.autoconfigure.security.SpringBootWebSecurityConfiguration$ApplicationNoWebSecurityConfigurerAdapter$1@3e823300, [org.springframework.security.web.context.request.async.WebAsyncManagerIntegrationFilter@2e8e4c90, org.springframework.security.web.context.SecurityContextPersistenceFilter@7f45024, org.springframework.security.web.header.HeaderWriterFilter@763fc666, org.springframework.security.web.csrf.CsrfFilter@4d19be64, org.springframework.security.web.authentication.logout.LogoutFilter@1bb78096, org.springframework.security.web.savedrequest.RequestCacheAwareFilter@1a88c61, org.springframework.security.web.servletapi.SecurityContextHolderAwareRequestFilter@4fd6f90c, org.springframework.security.web.authentication.AnonymousAuthenticationFilter@91adae7, org.springframework.security.web.session.SessionManagementFilter@25ace614, org.springframework.security.web.access.ExceptionTranslationFilter@dbe8d74]
2015-11-22 18:29:45.955  INFO 2110 --- [localhost-startStop-1] o.s.b.c.embedded.FilterRegistrationBean  : Mapping filter: 'characterEncodingFilter' to: [/*]
2015-11-22 18:29:45.956  INFO 2110 --- [localhost-startStop-1] o.s.b.c.embedded.FilterRegistrationBean  : Mapping filter: 'springSecurityFilterChain' to: [/*]
2015-11-22 18:29:45.957  INFO 2110 --- [localhost-startStop-1] o.s.b.c.e.ServletRegistrationBean        : Mapping servlet: 'dispatcherServlet' to [/]
2015-11-22 18:29:47.378  INFO 2110 --- [main] j.LocalContainerEntityManagerFactoryBean : Building JPA container EntityManagerFactory for persistence unit 'default'
2015-11-22 18:29:47.430  INFO 2110 --- [main] o.hibernate.jpa.internal.util.LogHelper  : HHH000204: Processing PersistenceUnitInfo [
	name: default
	...]
2015-11-22 18:29:47.791  INFO 2110 --- [main] org.hibernate.Version                    : HHH000412: Hibernate Core {4.3.11.Final}
2015-11-22 18:29:47.797  INFO 2110 --- [main] org.hibernate.cfg.Environment            : HHH000206: hibernate.properties not found
2015-11-22 18:29:47.801  INFO 2110 --- [main] org.hibernate.cfg.Environment            : HHH000021: Bytecode provider name : javassist
2015-11-22 18:29:48.577  INFO 2110 --- [main] o.hibernate.annotations.common.Version   : HCANN000001: Hibernate Commons Annotations {4.0.5.Final}
2015-11-22 18:29:48.647  INFO 2110 --- [main] org.hibernate.dialect.Dialect            : HHH000400: Using dialect: org.hibernate.dialect.HSQLDialect
2015-11-22 18:29:48.695  INFO 2110 --- [main] o.h.h.i.ast.ASTQueryTranslatorFactory    : HHH000397: Using ASTQueryTranslatorFactory
2015-11-22 18:29:48.805  INFO 2110 --- [main] org.hibernate.tool.hbm2ddl.SchemaExport  : HHH000227: Running hbm2ddl schema export
2015-11-22 18:29:48.810  INFO 2110 --- [main] org.hibernate.tool.hbm2ddl.SchemaExport  : HHH000230: Schema export complete
2015-11-22 18:29:49.310  INFO 2110 --- [main] s.w.s.m.m.a.RequestMappingHandlerMapping : Mapped "{[/con]}" onto public java.lang.String web.HelloController.con()
2015-11-22 18:29:49.311  INFO 2110 --- [main] s.w.s.m.m.a.RequestMappingHandlerMapping : Mapped "{[/hello]}" onto public java.lang.String web.HelloController.hello(org.springframework.ui.ModelMap)
2015-11-22 18:29:49.312  INFO 2110 --- [main] s.w.s.m.m.a.RequestMappingHandlerMapping : Mapped "{[/show],methods=[POST]}" onto public java.lang.String web.HelloController.show(web.Student)
2015-11-22 18:29:49.313  INFO 2110 --- [main] s.w.s.m.m.a.RequestMappingHandlerMapping : Mapped "{[/]}" onto public java.lang.String web.HelloController.home(org.springframework.ui.ModelMap)
2015-11-22 18:29:49.313  INFO 2110 --- [main] s.w.s.m.m.a.RequestMappingHandlerMapping : Mapped "{[/json]}" onto public java.lang.String web.HelloController.json(web.Student)
2015-11-22 18:29:49.314  INFO 2110 --- [main] s.w.s.m.m.a.RequestMappingHandlerMapping : Mapped "{[/error]}" onto public org.springframework.http.ResponseEntity<java.util.Map<java.lang.String, java.lang.Object>> org.springframework.boot.autoconfigure.web.BasicErrorController.error(javax.servlet.http.HttpServletRequest)
2015-11-22 18:29:49.316  INFO 2110 --- [main] s.w.s.m.m.a.RequestMappingHandlerMapping : Mapped "{[/error],produces=[text/html]}" onto public org.springframework.web.servlet.ModelAndView org.springframework.boot.autoconfigure.web.BasicErrorController.errorHtml(javax.servlet.http.HttpServletRequest)
2015-11-22 18:29:49.374  INFO 2110 --- [main] o.s.w.s.handler.SimpleUrlHandlerMapping  : Mapped URL path [/css/**] onto handler of type [class org.springframework.web.servlet.resource.ResourceHttpRequestHandler]
2015-11-22 18:29:49.911  INFO 2110 --- [main] s.w.s.m.m.a.RequestMappingHandlerAdapter : Looking for @ControllerAdvice: org.springframework.boot.context.embedded.AnnotationConfigEmbeddedWebApplicationContext@29002e91: startup date [Sun Nov 22 18:29:36 EET 2015]; root of context hierarchy
2015-11-22 18:29:50.885  INFO 2110 --- [main] o.s.j.e.a.AnnotationMBeanExporter        : Registering beans for JMX exposure on startup
2015-11-22 18:29:51.037  INFO 2110 --- [main] s.b.c.e.t.TomcatEmbeddedServletContainer : Tomcat started on port(s): 8080 (http)
2015-11-22 18:29:51.040  INFO 2110 --- [main] web.MainApplication                      : Started MainApplication in 14.646 seconds (JVM running for 15.355)
2015-11-22 18:34:48.459  INFO 2110 --- [http-nio-8080-exec-1] o.a.c.c.C.[Tomcat].[localhost].[/]       : Initializing Spring FrameworkServlet 'dispatcherServlet'
2015-11-22 18:34:48.463  INFO 2110 --- [http-nio-8080-exec-1] o.s.web.servlet.DispatcherServlet        : FrameworkServlet 'dispatcherServlet': initialization started
2015-11-22 18:34:48.558  INFO 2110 --- [http-nio-8080-exec-1] o.s.web.servlet.DispatcherServlet        : FrameworkServlet 'dispatcherServlet': initialization completed in 94 ms
2015-11-22 18:37:53.414  INFO 2110 --- [Thread-2] ationConfigEmbeddedWebApplicationContext : Closing org.springframework.boot.context.embedded.AnnotationConfigEmbeddedWebApplicationContext@29002e91: startup date [Sun Nov 22 18:29:36 EET 2015]; root of context hierarchy
2015-11-22 18:37:53.434  INFO 2110 --- [Thread-2] o.s.j.e.a.AnnotationMBeanExporter        : Unregistering JMX-exposed beans on shutdown
2015-11-22 18:37:53.456  INFO 2110 --- [Thread-2] j.LocalContainerEntityManagerFactoryBean : Closing JPA EntityManagerFactory for persistence unit 'default'
2015-11-22 18:37:53.459  INFO 2110 --- [Thread-2] org.hibernate.tool.hbm2ddl.SchemaExport  : HHH000227: Running hbm2ddl schema export
2015-11-22 18:37:53.477  INFO 2110 --- [Thread-2] org.hibernate.tool.hbm2ddl.SchemaExport  : HHH000230: Schema export complete
2015-11-22 18:40:51.647  INFO 2267 --- [main] web.MainApplication                      : Starting MainApplication v1.0-SNAPSHOT on Semihs-MacBook-Air.local with PID 2267 (/Users/semihokan/springboot/web/target/web-test-1.0-SNAPSHOT.jar started by semihokan in /Users/semihokan/springboot/web)
2015-11-22 18:40:51.738  INFO 2267 --- [main] ationConfigEmbeddedWebApplicationContext : Refreshing org.springframework.boot.context.embedded.AnnotationConfigEmbeddedWebApplicationContext@4d69dd14: startup date [Sun Nov 22 18:40:51 EET 2015]; root of context hierarchy
2015-11-22 18:40:54.898  INFO 2267 --- [main] trationDelegate$BeanPostProcessorChecker : Bean 'org.springframework.transaction.annotation.ProxyTransactionManagementConfiguration' of type [class org.springframework.transaction.annotation.ProxyTransactionManagementConfiguration$$EnhancerBySpringCGLIB$$47eec43e] is not eligible for getting processed by all BeanPostProcessors (for example: not eligible for auto-proxying)
2015-11-22 18:40:54.970  INFO 2267 --- [main] trationDelegate$BeanPostProcessorChecker : Bean 'transactionAttributeSource' of type [class org.springframework.transaction.annotation.AnnotationTransactionAttributeSource] is not eligible for getting processed by all BeanPostProcessors (for example: not eligible for auto-proxying)
2015-11-22 18:40:54.990  INFO 2267 --- [main] trationDelegate$BeanPostProcessorChecker : Bean 'transactionInterceptor' of type [class org.springframework.transaction.interceptor.TransactionInterceptor] is not eligible for getting processed by all BeanPostProcessors (for example: not eligible for auto-proxying)
2015-11-22 18:40:55.001  INFO 2267 --- [main] trationDelegate$BeanPostProcessorChecker : Bean 'org.springframework.transaction.config.internalTransactionAdvisor' of type [class org.springframework.transaction.interceptor.BeanFactoryTransactionAttributeSourceAdvisor] is not eligible for getting processed by all BeanPostProcessors (for example: not eligible for auto-proxying)
2015-11-22 18:40:55.076  INFO 2267 --- [main] trationDelegate$BeanPostProcessorChecker : Bean 'org.springframework.security.config.annotation.configuration.ObjectPostProcessorConfiguration' of type [class org.springframework.security.config.annotation.configuration.ObjectPostProcessorConfiguration$$EnhancerBySpringCGLIB$$71100d38] is not eligible for getting processed by all BeanPostProcessors (for example: not eligible for auto-proxying)
2015-11-22 18:40:55.097  INFO 2267 --- [main] trationDelegate$BeanPostProcessorChecker : Bean 'objectPostProcessor' of type [class org.springframework.security.config.annotation.configuration.AutowireBeanFactoryObjectPostProcessor] is not eligible for getting processed by all BeanPostProcessors (for example: not eligible for auto-proxying)
2015-11-22 18:40:55.103  INFO 2267 --- [main] trationDelegate$BeanPostProcessorChecker : Bean 'org.springframework.security.access.expression.method.DefaultMethodSecurityExpressionHandler@472bca21' of type [class org.springframework.security.access.expression.method.DefaultMethodSecurityExpressionHandler] is not eligible for getting processed by all BeanPostProcessors (for example: not eligible for auto-proxying)
2015-11-22 18:40:55.121  INFO 2267 --- [main] trationDelegate$BeanPostProcessorChecker : Bean 'org.springframework.security.config.annotation.method.configuration.GlobalMethodSecurityConfiguration' of type [class org.springframework.security.config.annotation.method.configuration.GlobalMethodSecurityConfiguration$$EnhancerBySpringCGLIB$$23ee41aa] is not eligible for getting processed by all BeanPostProcessors (for example: not eligible for auto-proxying)
2015-11-22 18:40:55.167  INFO 2267 --- [main] trationDelegate$BeanPostProcessorChecker : Bean 'methodSecurityMetadataSource' of type [class org.springframework.security.access.method.DelegatingMethodSecurityMetadataSource] is not eligible for getting processed by all BeanPostProcessors (for example: not eligible for auto-proxying)
2015-11-22 18:40:55.174  INFO 2267 --- [main] trationDelegate$BeanPostProcessorChecker : Bean 'metaDataSourceAdvisor' of type [class org.springframework.security.access.intercept.aopalliance.MethodSecurityMetadataSourceAdvisor] is not eligible for getting processed by all BeanPostProcessors (for example: not eligible for auto-proxying)
2015-11-22 18:40:56.271  INFO 2267 --- [main] s.b.c.e.t.TomcatEmbeddedServletContainer : Tomcat initialized with port(s): 8080 (http)
2015-11-22 18:40:56.711  INFO 2267 --- [main] o.apache.catalina.core.StandardService   : Starting service Tomcat
2015-11-22 18:40:56.714  INFO 2267 --- [main] org.apache.catalina.core.StandardEngine  : Starting Servlet Engine: Apache Tomcat/8.0.26
2015-11-22 18:40:56.945  INFO 2267 --- [localhost-startStop-1] o.a.c.c.C.[Tomcat].[localhost].[/]       : Initializing Spring embedded WebApplicationContext
2015-11-22 18:40:56.946  INFO 2267 --- [localhost-startStop-1] o.s.web.context.ContextLoader            : Root WebApplicationContext: initialization completed in 5211 ms
2015-11-22 18:40:57.241  INFO 2267 --- [localhost-startStop-1] o.s.b.c.e.ServletRegistrationBean        : Mapping servlet: 'dispatcherServlet' to [/]
2015-11-22 18:40:57.258  INFO 2267 --- [localhost-startStop-1] o.s.b.c.embedded.FilterRegistrationBean  : Mapping filter: 'characterEncodingFilter' to: [/*]
2015-11-22 18:40:58.679  INFO 2267 --- [main] j.LocalContainerEntityManagerFactoryBean : Building JPA container EntityManagerFactory for persistence unit 'default'
2015-11-22 18:40:58.734  INFO 2267 --- [main] o.hibernate.jpa.internal.util.LogHelper  : HHH000204: Processing PersistenceUnitInfo [
	name: default
	...]
2015-11-22 18:40:59.116  INFO 2267 --- [main] org.hibernate.Version                    : HHH000412: Hibernate Core {4.3.11.Final}
2015-11-22 18:40:59.124  INFO 2267 --- [main] org.hibernate.cfg.Environment            : HHH000206: hibernate.properties not found
2015-11-22 18:40:59.129  INFO 2267 --- [main] org.hibernate.cfg.Environment            : HHH000021: Bytecode provider name : javassist
2015-11-22 18:41:00.407  INFO 2267 --- [main] o.hibernate.annotations.common.Version   : HCANN000001: Hibernate Commons Annotations {4.0.5.Final}
2015-11-22 18:41:00.488  INFO 2267 --- [main] org.hibernate.dialect.Dialect            : HHH000400: Using dialect: org.hibernate.dialect.HSQLDialect
2015-11-22 18:41:00.548  INFO 2267 --- [main] o.h.h.i.ast.ASTQueryTranslatorFactory    : HHH000397: Using ASTQueryTranslatorFactory
2015-11-22 18:41:00.694  INFO 2267 --- [main] org.hibernate.tool.hbm2ddl.SchemaExport  : HHH000227: Running hbm2ddl schema export
2015-11-22 18:41:00.701  INFO 2267 --- [main] org.hibernate.tool.hbm2ddl.SchemaExport  : HHH000230: Schema export complete
2015-11-22 18:41:01.205  INFO 2267 --- [main] s.w.s.m.m.a.RequestMappingHandlerMapping : Mapped "{[/hello]}" onto public java.lang.String web.HelloController.hello(org.springframework.ui.ModelMap)
2015-11-22 18:41:01.206  INFO 2267 --- [main] s.w.s.m.m.a.RequestMappingHandlerMapping : Mapped "{[/show],methods=[POST]}" onto public java.lang.String web.HelloController.show(web.Student)
2015-11-22 18:41:01.206  INFO 2267 --- [main] s.w.s.m.m.a.RequestMappingHandlerMapping : Mapped "{[/]}" onto public java.lang.String web.HelloController.home(org.springframework.ui.ModelMap)
2015-11-22 18:41:01.206  INFO 2267 --- [main] s.w.s.m.m.a.RequestMappingHandlerMapping : Mapped "{[/json]}" onto public java.lang.String web.HelloController.json(web.Student)
2015-11-22 18:41:01.207  INFO 2267 --- [main] s.w.s.m.m.a.RequestMappingHandlerMapping : Mapped "{[/con]}" onto public java.lang.String web.HelloController.con()
2015-11-22 18:41:01.213  INFO 2267 --- [main] s.w.s.m.m.a.RequestMappingHandlerMapping : Mapped "{[/error]}" onto public org.springframework.http.ResponseEntity<java.util.Map<java.lang.String, java.lang.Object>> org.springframework.boot.autoconfigure.web.BasicErrorController.error(javax.servlet.http.HttpServletRequest)
2015-11-22 18:41:01.214  INFO 2267 --- [main] s.w.s.m.m.a.RequestMappingHandlerMapping : Mapped "{[/error],produces=[text/html]}" onto public org.springframework.web.servlet.ModelAndView org.springframework.boot.autoconfigure.web.BasicErrorController.errorHtml(javax.servlet.http.HttpServletRequest)
2015-11-22 18:41:01.285  INFO 2267 --- [main] o.s.w.s.handler.SimpleUrlHandlerMapping  : Mapped URL path [/css/**] onto handler of type [class org.springframework.web.servlet.resource.ResourceHttpRequestHandler]
2015-11-22 18:41:01.925  INFO 2267 --- [main] s.w.s.m.m.a.RequestMappingHandlerAdapter : Looking for @ControllerAdvice: org.springframework.boot.context.embedded.AnnotationConfigEmbeddedWebApplicationContext@4d69dd14: startup date [Sun Nov 22 18:40:51 EET 2015]; root of context hierarchy
2015-11-22 18:41:02.173  INFO 2267 --- [main] b.a.s.AuthenticationManagerConfiguration : 

Using default security password: 361db604-b0d9-4d52-8b9e-e65f0c11d300

2015-11-22 18:41:02.952  INFO 2267 --- [main] o.s.j.e.a.AnnotationMBeanExporter        : Registering beans for JMX exposure on startup
2015-11-22 18:41:03.117  INFO 2267 --- [main] s.b.c.e.t.TomcatEmbeddedServletContainer : Tomcat started on port(s): 8080 (http)
2015-11-22 18:41:03.120  INFO 2267 --- [main] web.MainApplication                      : Started MainApplication in 11.924 seconds (JVM running for 12.595)
2015-11-22 18:42:57.862  INFO 2267 --- [Thread-2] ationConfigEmbeddedWebApplicationContext : Closing org.springframework.boot.context.embedded.AnnotationConfigEmbeddedWebApplicationContext@4d69dd14: startup date [Sun Nov 22 18:40:51 EET 2015]; root of context hierarchy
2015-11-22 18:42:57.869  INFO 2267 --- [Thread-2] o.s.j.e.a.AnnotationMBeanExporter        : Unregistering JMX-exposed beans on shutdown
2015-11-22 18:42:57.886  INFO 2267 --- [Thread-2] j.LocalContainerEntityManagerFactoryBean : Closing JPA EntityManagerFactory for persistence unit 'default'
2015-11-22 18:42:57.887  INFO 2267 --- [Thread-2] org.hibernate.tool.hbm2ddl.SchemaExport  : HHH000227: Running hbm2ddl schema export
2015-11-22 18:42:57.901  INFO 2267 --- [Thread-2] org.hibernate.tool.hbm2ddl.SchemaExport  : HHH000230: Schema export complete
2015-11-22 18:43:09.177  INFO 2280 --- [main] web.MainApplication                      : Starting MainApplication v1.0-SNAPSHOT on Semihs-MacBook-Air.local with PID 2280 (/Users/semihokan/springboot/web/target/web-test-1.0-SNAPSHOT.jar started by semihokan in /Users/semihokan/springboot/web)
2015-11-22 18:43:09.292  INFO 2280 --- [main] ationConfigEmbeddedWebApplicationContext : Refreshing org.springframework.boot.context.embedded.AnnotationConfigEmbeddedWebApplicationContext@5849088b: startup date [Sun Nov 22 18:43:09 EET 2015]; root of context hierarchy
2015-11-22 18:43:12.295  INFO 2280 --- [main] trationDelegate$BeanPostProcessorChecker : Bean 'org.springframework.transaction.annotation.ProxyTransactionManagementConfiguration' of type [class org.springframework.transaction.annotation.ProxyTransactionManagementConfiguration$$EnhancerBySpringCGLIB$$af8304f6] is not eligible for getting processed by all BeanPostProcessors (for example: not eligible for auto-proxying)
2015-11-22 18:43:12.328  INFO 2280 --- [main] trationDelegate$BeanPostProcessorChecker : Bean 'transactionAttributeSource' of type [class org.springframework.transaction.annotation.AnnotationTransactionAttributeSource] is not eligible for getting processed by all BeanPostProcessors (for example: not eligible for auto-proxying)
2015-11-22 18:43:12.349  INFO 2280 --- [main] trationDelegate$BeanPostProcessorChecker : Bean 'transactionInterceptor' of type [class org.springframework.transaction.interceptor.TransactionInterceptor] is not eligible for getting processed by all BeanPostProcessors (for example: not eligible for auto-proxying)
2015-11-22 18:43:12.370  INFO 2280 --- [main] trationDelegate$BeanPostProcessorChecker : Bean 'org.springframework.transaction.config.internalTransactionAdvisor' of type [class org.springframework.transaction.interceptor.BeanFactoryTransactionAttributeSourceAdvisor] is not eligible for getting processed by all BeanPostProcessors (for example: not eligible for auto-proxying)
2015-11-22 18:43:12.419  INFO 2280 --- [main] trationDelegate$BeanPostProcessorChecker : Bean 'org.springframework.security.config.annotation.configuration.ObjectPostProcessorConfiguration' of type [class org.springframework.security.config.annotation.configuration.ObjectPostProcessorConfiguration$$EnhancerBySpringCGLIB$$d8a44df0] is not eligible for getting processed by all BeanPostProcessors (for example: not eligible for auto-proxying)
2015-11-22 18:43:12.443  INFO 2280 --- [main] trationDelegate$BeanPostProcessorChecker : Bean 'objectPostProcessor' of type [class org.springframework.security.config.annotation.configuration.AutowireBeanFactoryObjectPostProcessor] is not eligible for getting processed by all BeanPostProcessors (for example: not eligible for auto-proxying)
2015-11-22 18:43:12.447  INFO 2280 --- [main] trationDelegate$BeanPostProcessorChecker : Bean 'org.springframework.security.access.expression.method.DefaultMethodSecurityExpressionHandler@5ab7b1c5' of type [class org.springframework.security.access.expression.method.DefaultMethodSecurityExpressionHandler] is not eligible for getting processed by all BeanPostProcessors (for example: not eligible for auto-proxying)
2015-11-22 18:43:12.456  INFO 2280 --- [main] trationDelegate$BeanPostProcessorChecker : Bean 'org.springframework.security.config.annotation.method.configuration.GlobalMethodSecurityConfiguration' of type [class org.springframework.security.config.annotation.method.configuration.GlobalMethodSecurityConfiguration$$EnhancerBySpringCGLIB$$8b828262] is not eligible for getting processed by all BeanPostProcessors (for example: not eligible for auto-proxying)
2015-11-22 18:43:12.486  INFO 2280 --- [main] trationDelegate$BeanPostProcessorChecker : Bean 'methodSecurityMetadataSource' of type [class org.springframework.security.access.method.DelegatingMethodSecurityMetadataSource] is not eligible for getting processed by all BeanPostProcessors (for example: not eligible for auto-proxying)
2015-11-22 18:43:12.493  INFO 2280 --- [main] trationDelegate$BeanPostProcessorChecker : Bean 'metaDataSourceAdvisor' of type [class org.springframework.security.access.intercept.aopalliance.MethodSecurityMetadataSourceAdvisor] is not eligible for getting processed by all BeanPostProcessors (for example: not eligible for auto-proxying)
2015-11-22 18:43:13.291  INFO 2280 --- [main] s.b.c.e.t.TomcatEmbeddedServletContainer : Tomcat initialized with port(s): 8080 (http)
2015-11-22 18:43:13.704  INFO 2280 --- [main] o.apache.catalina.core.StandardService   : Starting service Tomcat
2015-11-22 18:43:13.707  INFO 2280 --- [main] org.apache.catalina.core.StandardEngine  : Starting Servlet Engine: Apache Tomcat/8.0.26
2015-11-22 18:43:13.891  INFO 2280 --- [localhost-startStop-1] o.a.c.c.C.[Tomcat].[localhost].[/]       : Initializing Spring embedded WebApplicationContext
2015-11-22 18:43:13.891  INFO 2280 --- [localhost-startStop-1] o.s.web.context.ContextLoader            : Root WebApplicationContext: initialization completed in 4602 ms
2015-11-22 18:43:14.903  INFO 2280 --- [localhost-startStop-1] o.s.s.web.DefaultSecurityFilterChain     : Creating filter chain: org.springframework.security.web.util.matcher.AnyRequestMatcher@1, [org.springframework.security.web.context.request.async.WebAsyncManagerIntegrationFilter@4befe7f7, org.springframework.security.web.context.SecurityContextPersistenceFilter@608741e4, org.springframework.security.web.header.HeaderWriterFilter@154b3ec5, org.springframework.security.web.csrf.CsrfFilter@1ca2fec8, org.springframework.security.web.authentication.logout.LogoutFilter@14cbf50b, org.springframework.security.web.authentication.UsernamePasswordAuthenticationFilter@7cbb7652, org.springframework.security.web.authentication.ui.DefaultLoginPageGeneratingFilter@13ff6611, org.springframework.security.web.authentication.www.BasicAuthenticationFilter@201f19ef, org.springframework.security.web.savedrequest.RequestCacheAwareFilter@34f530d7, org.springframework.security.web.servletapi.SecurityContextHolderAwareRequestFilter@75b7e6be, org.springframework.security.web.authentication.AnonymousAuthenticationFilter@5fa52ce8, org.springframework.security.web.session.SessionManagementFilter@10df32f2, org.springframework.security.web.access.ExceptionTranslationFilter@dbf97d0, org.springframework.security.web.access.intercept.FilterSecurityInterceptor@5355920a]
2015-11-22 18:43:15.036  INFO 2280 --- [localhost-startStop-1] o.s.b.c.e.ServletRegistrationBean        : Mapping servlet: 'dispatcherServlet' to [/]
2015-11-22 18:43:15.048  INFO 2280 --- [localhost-startStop-1] o.s.b.c.embedded.FilterRegistrationBean  : Mapping filter: 'characterEncodingFilter' to: [/*]
2015-11-22 18:43:15.049  INFO 2280 --- [localhost-startStop-1] o.s.b.c.embedded.FilterRegistrationBean  : Mapping filter: 'springSecurityFilterChain' to: [/*]
2015-11-22 18:43:16.180  INFO 2280 --- [main] j.LocalContainerEntityManagerFactoryBean : Building JPA container EntityManagerFactory for persistence unit 'default'
2015-11-22 18:43:16.248  INFO 2280 --- [main] o.hibernate.jpa.internal.util.LogHelper  : HHH000204: Processing PersistenceUnitInfo [
	name: default
	...]
2015-11-22 18:43:16.689  INFO 2280 --- [main] org.hibernate.Version                    : HHH000412: Hibernate Core {4.3.11.Final}
2015-11-22 18:43:16.695  INFO 2280 --- [main] org.hibernate.cfg.Environment            : HHH000206: hibernate.properties not found
2015-11-22 18:43:16.699  INFO 2280 --- [main] org.hibernate.cfg.Environment            : HHH000021: Bytecode provider name : javassist
2015-11-22 18:43:17.406  INFO 2280 --- [main] o.hibernate.annotations.common.Version   : HCANN000001: Hibernate Commons Annotations {4.0.5.Final}
2015-11-22 18:43:17.509  INFO 2280 --- [main] org.hibernate.dialect.Dialect            : HHH000400: Using dialect: org.hibernate.dialect.HSQLDialect
2015-11-22 18:43:17.565  INFO 2280 --- [main] o.h.h.i.ast.ASTQueryTranslatorFactory    : HHH000397: Using ASTQueryTranslatorFactory
2015-11-22 18:43:17.687  INFO 2280 --- [main] org.hibernate.tool.hbm2ddl.SchemaExport  : HHH000227: Running hbm2ddl schema export
2015-11-22 18:43:17.691  INFO 2280 --- [main] org.hibernate.tool.hbm2ddl.SchemaExport  : HHH000230: Schema export complete
2015-11-22 18:43:18.227  INFO 2280 --- [main] s.w.s.m.m.a.RequestMappingHandlerMapping : Mapped "{[/json]}" onto public java.lang.String web.HelloController.json(web.Student)
2015-11-22 18:43:18.228  INFO 2280 --- [main] s.w.s.m.m.a.RequestMappingHandlerMapping : Mapped "{[/con]}" onto public java.lang.String web.HelloController.con()
2015-11-22 18:43:18.228  INFO 2280 --- [main] s.w.s.m.m.a.RequestMappingHandlerMapping : Mapped "{[/]}" onto public java.lang.String web.HelloController.home(org.springframework.ui.ModelMap)
2015-11-22 18:43:18.228  INFO 2280 --- [main] s.w.s.m.m.a.RequestMappingHandlerMapping : Mapped "{[/hello]}" onto public java.lang.String web.HelloController.hello(org.springframework.ui.ModelMap)
2015-11-22 18:43:18.229  INFO 2280 --- [main] s.w.s.m.m.a.RequestMappingHandlerMapping : Mapped "{[/show],methods=[POST]}" onto public java.lang.String web.HelloController.show(web.Student)
2015-11-22 18:43:18.231  INFO 2280 --- [main] s.w.s.m.m.a.RequestMappingHandlerMapping : Mapped "{[/error]}" onto public org.springframework.http.ResponseEntity<java.util.Map<java.lang.String, java.lang.Object>> org.springframework.boot.autoconfigure.web.BasicErrorController.error(javax.servlet.http.HttpServletRequest)
2015-11-22 18:43:18.232  INFO 2280 --- [main] s.w.s.m.m.a.RequestMappingHandlerMapping : Mapped "{[/error],produces=[text/html]}" onto public org.springframework.web.servlet.ModelAndView org.springframework.boot.autoconfigure.web.BasicErrorController.errorHtml(javax.servlet.http.HttpServletRequest)
2015-11-22 18:43:18.285  INFO 2280 --- [main] o.s.w.s.handler.SimpleUrlHandlerMapping  : Mapped URL path [/css/**] onto handler of type [class org.springframework.web.servlet.resource.ResourceHttpRequestHandler]
2015-11-22 18:43:18.933  INFO 2280 --- [main] s.w.s.m.m.a.RequestMappingHandlerAdapter : Looking for @ControllerAdvice: org.springframework.boot.context.embedded.AnnotationConfigEmbeddedWebApplicationContext@5849088b: startup date [Sun Nov 22 18:43:09 EET 2015]; root of context hierarchy
2015-11-22 18:43:19.844  INFO 2280 --- [main] o.s.j.e.a.AnnotationMBeanExporter        : Registering beans for JMX exposure on startup
2015-11-22 18:43:19.989  INFO 2280 --- [main] s.b.c.e.t.TomcatEmbeddedServletContainer : Tomcat started on port(s): 8080 (http)
2015-11-22 18:43:19.992  INFO 2280 --- [main] web.MainApplication                      : Started MainApplication in 11.576 seconds (JVM running for 12.235)
2015-11-22 18:43:31.309  INFO 2280 --- [http-nio-8080-exec-1] o.a.c.c.C.[Tomcat].[localhost].[/]       : Initializing Spring FrameworkServlet 'dispatcherServlet'
2015-11-22 18:43:31.311  INFO 2280 --- [http-nio-8080-exec-1] o.s.web.servlet.DispatcherServlet        : FrameworkServlet 'dispatcherServlet': initialization started
2015-11-22 18:43:31.356  INFO 2280 --- [http-nio-8080-exec-1] o.s.web.servlet.DispatcherServlet        : FrameworkServlet 'dispatcherServlet': initialization completed in 44 ms
2015-11-22 19:10:44.335  INFO 2280 --- [http-nio-8080-exec-9] o.a.coyote.http11.Http11NioProcessor     : Error parsing HTTP request header
 Note: further occurrences of HTTP header parsing errors will be logged at DEBUG level.
2015-11-23 00:04:10.479  INFO 2280 --- [Thread-2] ationConfigEmbeddedWebApplicationContext : Closing org.springframework.boot.context.embedded.AnnotationConfigEmbeddedWebApplicationContext@5849088b: startup date [Sun Nov 22 18:43:09 EET 2015]; root of context hierarchy
2015-11-23 00:04:10.572  INFO 2280 --- [Thread-2] o.s.j.e.a.AnnotationMBeanExporter        : Unregistering JMX-exposed beans on shutdown
2015-11-23 00:04:10.593  INFO 2280 --- [Thread-2] j.LocalContainerEntityManagerFactoryBean : Closing JPA EntityManagerFactory for persistence unit 'default'
2015-11-23 00:04:10.614  INFO 2280 --- [Thread-2] org.hibernate.tool.hbm2ddl.SchemaExport  : HHH000227: Running hbm2ddl schema export
2015-11-23 00:04:10.683  INFO 2280 --- [Thread-2] org.hibernate.tool.hbm2ddl.SchemaExport  : HHH000230: Schema export complete
2015-11-23 00:04:23.383  INFO 2528 --- [main] web.MainApplication                      : Starting MainApplication v1.0-SNAPSHOT on Semihs-Air with PID 2528 (/Users/semihokan/springboot/web/target/web-test-1.0-SNAPSHOT.jar started by semihokan in /Users/semihokan/springboot/web)
2015-11-23 00:04:23.484  INFO 2528 --- [main] ationConfigEmbeddedWebApplicationContext : Refreshing org.springframework.boot.context.embedded.AnnotationConfigEmbeddedWebApplicationContext@29002e91: startup date [Mon Nov 23 00:04:23 EET 2015]; root of context hierarchy
2015-11-23 00:04:26.849  INFO 2528 --- [main] trationDelegate$BeanPostProcessorChecker : Bean 'org.springframework.transaction.annotation.ProxyTransactionManagementConfiguration' of type [class org.springframework.transaction.annotation.ProxyTransactionManagementConfiguration$$EnhancerBySpringCGLIB$$6537ece5] is not eligible for getting processed by all BeanPostProcessors (for example: not eligible for auto-proxying)
2015-11-23 00:04:26.890  INFO 2528 --- [main] trationDelegate$BeanPostProcessorChecker : Bean 'transactionAttributeSource' of type [class org.springframework.transaction.annotation.AnnotationTransactionAttributeSource] is not eligible for getting processed by all BeanPostProcessors (for example: not eligible for auto-proxying)
2015-11-23 00:04:26.908  INFO 2528 --- [main] trationDelegate$BeanPostProcessorChecker : Bean 'transactionInterceptor' of type [class org.springframework.transaction.interceptor.TransactionInterceptor] is not eligible for getting processed by all BeanPostProcessors (for example: not eligible for auto-proxying)
2015-11-23 00:04:26.925  INFO 2528 --- [main] trationDelegate$BeanPostProcessorChecker : Bean 'org.springframework.transaction.config.internalTransactionAdvisor' of type [class org.springframework.transaction.interceptor.BeanFactoryTransactionAttributeSourceAdvisor] is not eligible for getting processed by all BeanPostProcessors (for example: not eligible for auto-proxying)
2015-11-23 00:04:26.980  INFO 2528 --- [main] trationDelegate$BeanPostProcessorChecker : Bean 'org.springframework.security.config.annotation.configuration.ObjectPostProcessorConfiguration' of type [class org.springframework.security.config.annotation.configuration.ObjectPostProcessorConfiguration$$EnhancerBySpringCGLIB$$8e5935df] is not eligible for getting processed by all BeanPostProcessors (for example: not eligible for auto-proxying)
2015-11-23 00:04:27.011  INFO 2528 --- [main] trationDelegate$BeanPostProcessorChecker : Bean 'objectPostProcessor' of type [class org.springframework.security.config.annotation.configuration.AutowireBeanFactoryObjectPostProcessor] is not eligible for getting processed by all BeanPostProcessors (for example: not eligible for auto-proxying)
2015-11-23 00:04:27.014  INFO 2528 --- [main] trationDelegate$BeanPostProcessorChecker : Bean 'org.springframework.security.access.expression.method.DefaultMethodSecurityExpressionHandler@88360a' of type [class org.springframework.security.access.expression.method.DefaultMethodSecurityExpressionHandler] is not eligible for getting processed by all BeanPostProcessors (for example: not eligible for auto-proxying)
2015-11-23 00:04:27.037  INFO 2528 --- [main] trationDelegate$BeanPostProcessorChecker : Bean 'org.springframework.security.config.annotation.method.configuration.GlobalMethodSecurityConfiguration' of type [class org.springframework.security.config.annotation.method.configuration.GlobalMethodSecurityConfiguration$$EnhancerBySpringCGLIB$$41376a51] is not eligible for getting processed by all BeanPostProcessors (for example: not eligible for auto-proxying)
2015-11-23 00:04:27.060  INFO 2528 --- [main] trationDelegate$BeanPostProcessorChecker : Bean 'methodSecurityMetadataSource' of type [class org.springframework.security.access.method.DelegatingMethodSecurityMetadataSource] is not eligible for getting processed by all BeanPostProcessors (for example: not eligible for auto-proxying)
2015-11-23 00:04:27.069  INFO 2528 --- [main] trationDelegate$BeanPostProcessorChecker : Bean 'metaDataSourceAdvisor' of type [class org.springframework.security.access.intercept.aopalliance.MethodSecurityMetadataSourceAdvisor] is not eligible for getting processed by all BeanPostProcessors (for example: not eligible for auto-proxying)
2015-11-23 00:04:28.103  INFO 2528 --- [main] s.b.c.e.t.TomcatEmbeddedServletContainer : Tomcat initialized with port(s): 8080 (http)
2015-11-23 00:04:28.847  INFO 2528 --- [main] o.apache.catalina.core.StandardService   : Starting service Tomcat
2015-11-23 00:04:28.858  INFO 2528 --- [main] org.apache.catalina.core.StandardEngine  : Starting Servlet Engine: Apache Tomcat/8.0.26
2015-11-23 00:04:29.151  INFO 2528 --- [localhost-startStop-1] o.a.c.c.C.[Tomcat].[localhost].[/]       : Initializing Spring embedded WebApplicationContext
2015-11-23 00:04:29.152  INFO 2528 --- [localhost-startStop-1] o.s.web.context.ContextLoader            : Root WebApplicationContext: initialization completed in 5671 ms
2015-11-23 00:04:30.468  INFO 2528 --- [localhost-startStop-1] o.s.s.web.DefaultSecurityFilterChain     : Creating filter chain: org.springframework.security.web.util.matcher.AnyRequestMatcher@1, [org.springframework.security.web.context.request.async.WebAsyncManagerIntegrationFilter@6bbac487, org.springframework.security.web.context.SecurityContextPersistenceFilter@5d8932d8, org.springframework.security.web.header.HeaderWriterFilter@7aae745e, org.springframework.security.web.csrf.CsrfFilter@a2a5fa, org.springframework.security.web.authentication.logout.LogoutFilter@7ffd331d, org.springframework.security.web.authentication.UsernamePasswordAuthenticationFilter@17d8d83a, org.springframework.security.web.authentication.ui.DefaultLoginPageGeneratingFilter@7e96cc38, org.springframework.security.web.authentication.www.BasicAuthenticationFilter@4cbd50f6, org.springframework.security.web.savedrequest.RequestCacheAwareFilter@5bc459be, org.springframework.security.web.servletapi.SecurityContextHolderAwareRequestFilter@7ef69288, org.springframework.security.web.authentication.AnonymousAuthenticationFilter@806ffa6, org.springframework.security.web.session.SessionManagementFilter@26fde3a5, org.springframework.security.web.access.ExceptionTranslationFilter@46e137ea, org.springframework.security.web.access.intercept.FilterSecurityInterceptor@2317e00e]
2015-11-23 00:04:30.563  INFO 2528 --- [localhost-startStop-1] o.s.b.c.e.ServletRegistrationBean        : Mapping servlet: 'dispatcherServlet' to [/]
2015-11-23 00:04:30.582  INFO 2528 --- [localhost-startStop-1] o.s.b.c.embedded.FilterRegistrationBean  : Mapping filter: 'characterEncodingFilter' to: [/*]
2015-11-23 00:04:30.583  INFO 2528 --- [localhost-startStop-1] o.s.b.c.embedded.FilterRegistrationBean  : Mapping filter: 'springSecurityFilterChain' to: [/*]
2015-11-23 00:04:32.155  INFO 2528 --- [main] j.LocalContainerEntityManagerFactoryBean : Building JPA container EntityManagerFactory for persistence unit 'default'
2015-11-23 00:04:32.212  INFO 2528 --- [main] o.hibernate.jpa.internal.util.LogHelper  : HHH000204: Processing PersistenceUnitInfo [
	name: default
	...]
2015-11-23 00:04:32.632  INFO 2528 --- [main] org.hibernate.Version                    : HHH000412: Hibernate Core {4.3.11.Final}
2015-11-23 00:04:32.641  INFO 2528 --- [main] org.hibernate.cfg.Environment            : HHH000206: hibernate.properties not found
2015-11-23 00:04:32.647  INFO 2528 --- [main] org.hibernate.cfg.Environment            : HHH000021: Bytecode provider name : javassist
2015-11-23 00:04:33.356  INFO 2528 --- [main] o.hibernate.annotations.common.Version   : HCANN000001: Hibernate Commons Annotations {4.0.5.Final}
2015-11-23 00:04:33.434  INFO 2528 --- [main] org.hibernate.dialect.Dialect            : HHH000400: Using dialect: org.hibernate.dialect.HSQLDialect
2015-11-23 00:04:33.493  INFO 2528 --- [main] o.h.h.i.ast.ASTQueryTranslatorFactory    : HHH000397: Using ASTQueryTranslatorFactory
2015-11-23 00:04:33.631  INFO 2528 --- [main] org.hibernate.tool.hbm2ddl.SchemaExport  : HHH000227: Running hbm2ddl schema export
2015-11-23 00:04:33.635  INFO 2528 --- [main] org.hibernate.tool.hbm2ddl.SchemaExport  : HHH000230: Schema export complete
2015-11-23 00:04:34.269  INFO 2528 --- [main] s.w.s.m.m.a.RequestMappingHandlerMapping : Mapped "{[/con]}" onto public java.lang.String web.HelloController.con()
2015-11-23 00:04:34.270  INFO 2528 --- [main] s.w.s.m.m.a.RequestMappingHandlerMapping : Mapped "{[/]}" onto public java.lang.String web.HelloController.home(org.springframework.ui.ModelMap)
2015-11-23 00:04:34.271  INFO 2528 --- [main] s.w.s.m.m.a.RequestMappingHandlerMapping : Mapped "{[/hello]}" onto public java.lang.String web.HelloController.hello(org.springframework.ui.ModelMap)
2015-11-23 00:04:34.271  INFO 2528 --- [main] s.w.s.m.m.a.RequestMappingHandlerMapping : Mapped "{[/show],methods=[POST]}" onto public java.lang.String web.HelloController.show(web.Student)
2015-11-23 00:04:34.272  INFO 2528 --- [main] s.w.s.m.m.a.RequestMappingHandlerMapping : Mapped "{[/json]}" onto public java.lang.String web.HelloController.json(web.Student)
2015-11-23 00:04:34.278  INFO 2528 --- [main] s.w.s.m.m.a.RequestMappingHandlerMapping : Mapped "{[/error]}" onto public org.springframework.http.ResponseEntity<java.util.Map<java.lang.String, java.lang.Object>> org.springframework.boot.autoconfigure.web.BasicErrorController.error(javax.servlet.http.HttpServletRequest)
2015-11-23 00:04:34.279  INFO 2528 --- [main] s.w.s.m.m.a.RequestMappingHandlerMapping : Mapped "{[/error],produces=[text/html]}" onto public org.springframework.web.servlet.ModelAndView org.springframework.boot.autoconfigure.web.BasicErrorController.errorHtml(javax.servlet.http.HttpServletRequest)
2015-11-23 00:04:34.332  INFO 2528 --- [main] o.s.w.s.handler.SimpleUrlHandlerMapping  : Mapped URL path [/css/**] onto handler of type [class org.springframework.web.servlet.resource.ResourceHttpRequestHandler]
2015-11-23 00:04:34.987  INFO 2528 --- [main] s.w.s.m.m.a.RequestMappingHandlerAdapter : Looking for @ControllerAdvice: org.springframework.boot.context.embedded.AnnotationConfigEmbeddedWebApplicationContext@29002e91: startup date [Mon Nov 23 00:04:23 EET 2015]; root of context hierarchy
2015-11-23 00:04:35.959  INFO 2528 --- [main] o.s.j.e.a.AnnotationMBeanExporter        : Registering beans for JMX exposure on startup
2015-11-23 00:04:36.129  INFO 2528 --- [main] s.b.c.e.t.TomcatEmbeddedServletContainer : Tomcat started on port(s): 8080 (http)
2015-11-23 00:04:36.132  INFO 2528 --- [main] web.MainApplication                      : Started MainApplication in 13.291 seconds (JVM running for 14.005)
2015-11-23 20:38:03.788  INFO 2528 --- [Thread-2] ationConfigEmbeddedWebApplicationContext : Closing org.springframework.boot.context.embedded.AnnotationConfigEmbeddedWebApplicationContext@29002e91: startup date [Mon Nov 23 00:04:23 EET 2015]; root of context hierarchy
2015-11-23 20:38:04.354  INFO 2528 --- [Thread-2] o.s.j.e.a.AnnotationMBeanExporter        : Unregistering JMX-exposed beans on shutdown
2015-11-23 20:38:04.408  INFO 2528 --- [Thread-2] j.LocalContainerEntityManagerFactoryBean : Closing JPA EntityManagerFactory for persistence unit 'default'
2015-11-23 20:38:04.428  INFO 2528 --- [Thread-2] org.hibernate.tool.hbm2ddl.SchemaExport  : HHH000227: Running hbm2ddl schema export
2015-11-23 20:38:04.533  INFO 2528 --- [Thread-2] org.hibernate.tool.hbm2ddl.SchemaExport  : HHH000230: Schema export complete
